ERROR - 2023-11-15 12:30:02 --> Error connecting to the database: mysqli_sql_exception: No connection could be made because the target machine actively refused it in D:\Semester 3\Framework Programming\Admin LTE\CI4\system\Database\MySQLi\Connection.php:174
Stack trace:
#0 D:\Semester 3\Framework Programming\Admin LTE\CI4\system\Database\MySQLi\Connection.php(174): mysqli->real_connect('localhost', 'root', '', 'ase56', 3306, '', 0)
#1 D:\Semester 3\Framework Programming\Admin LTE\CI4\system\Database\BaseConnection.php(391): CodeIgniter\Database\MySQLi\Connection->connect(false)
#2 D:\Semester 3\Framework Programming\Admin LTE\CI4\system\Database\BaseConnection.php(573): CodeIgniter\Database\BaseConnection->initialize()
#3 D:\Semester 3\Framework Programming\Admin LTE\CI4\system\Database\BaseBuilder.php(1602): CodeIgniter\Database\BaseConnection->query('SELECT *\nFROM `...', Array, false)
#4 D:\Semester 3\Framework Programming\Admin LTE\CI4\system\Model.php(240): CodeIgniter\Database\BaseBuilder->get()
#5 D:\Semester 3\Framework Programming\Admin LTE\CI4\system\BaseModel.php(618): CodeIgniter\Model->doFindAll(0, 0)
#6 D:\Semester 3\Framework Programming\Admin LTE\CI4\app\Models\ParkirModel.php(12): CodeIgniter\BaseModel->findAll()
#7 D:\Semester 3\Framework Programming\Admin LTE\CI4\app\Controllers\Parkir.php(13): App\Models\ParkirModel->getData()
#8 D:\Semester 3\Framework Programming\Admin LTE\CI4\system\CodeIgniter.php(934): App\Controllers\Parkir->index()
#9 D:\Semester 3\Framework Programming\Admin LTE\CI4\system\CodeIgniter.php(499): CodeIgniter\CodeIgniter->runController(Object(App\Controllers\Parkir))
#10 D:\Semester 3\Framework Programming\Admin LTE\CI4\system\CodeIgniter.php(368): CodeIgniter\CodeIgniter->handleRequest(NULL, Object(Config\Cache), false)
#11 D:\Semester 3\Framework Programming\Admin LTE\CI4\public\index.php(67): CodeIgniter\CodeIgniter->run()
#12 D:\Semester 3\Framework Programming\Admin LTE\CI4\system\Commands\Server\rewrite.php(47): require_once('D:\\Semester 3\\F...')
#13 {main}

Next CodeIgniter\Database\Exceptions\DatabaseException: No connection could be made because the target machine actively refused it in D:\Semester 3\Framework Programming\Admin LTE\CI4\system\Database\MySQLi\Connection.php:218
Stack trace:
#0 D:\Semester 3\Framework Programming\Admin LTE\CI4\system\Database\BaseConnection.php(391): CodeIgniter\Database\MySQLi\Connection->connect(false)
#1 D:\Semester 3\Framework Programming\Admin LTE\CI4\system\Database\BaseConnection.php(573): CodeIgniter\Database\BaseConnection->initialize()
#2 D:\Semester 3\Framework Programming\Admin LTE\CI4\system\Database\BaseBuilder.php(1602): CodeIgniter\Database\BaseConnection->query('SELECT *\nFROM `...', Array, false)
#3 D:\Semester 3\Framework Programming\Admin LTE\CI4\system\Model.php(240): CodeIgniter\Database\BaseBuilder->get()
#4 D:\Semester 3\Framework Programming\Admin LTE\CI4\system\BaseModel.php(618): CodeIgniter\Model->doFindAll(0, 0)
#5 D:\Semester 3\Framework Programming\Admin LTE\CI4\app\Models\ParkirModel.php(12): CodeIgniter\BaseModel->findAll()
#6 D:\Semester 3\Framework Programming\Admin LTE\CI4\app\Controllers\Parkir.php(13): App\Models\ParkirModel->getData()
#7 D:\Semester 3\Framework Programming\Admin LTE\CI4\system\CodeIgniter.php(934): App\Controllers\Parkir->index()
#8 D:\Semester 3\Framework Programming\Admin LTE\CI4\system\CodeIgniter.php(499): CodeIgniter\CodeIgniter->runController(Object(App\Controllers\Parkir))
#9 D:\Semester 3\Framework Programming\Admin LTE\CI4\system\CodeIgniter.php(368): CodeIgniter\CodeIgniter->handleRequest(NULL, Object(Config\Cache), false)
#10 D:\Semester 3\Framework Programming\Admin LTE\CI4\public\index.php(67): CodeIgniter\CodeIgniter->run()
#11 D:\Semester 3\Framework Programming\Admin LTE\CI4\system\Commands\Server\rewrite.php(47): require_once('D:\\Semester 3\\F...')
#12 {main}
CRITICAL - 2023-11-15 12:30:02 --> Unable to connect to the database.
Main connection [MySQLi]: No connection could be made because the target machine actively refused it
in SYSTEMPATH\Database\BaseConnection.php on line 427.
 1 SYSTEMPATH\Database\BaseConnection.php(573): CodeIgniter\Database\BaseConnection->initialize()
 2 SYSTEMPATH\Database\BaseBuilder.php(1602): CodeIgniter\Database\BaseConnection->query('SELECT *
FROM `parkir`', [], false)
 3 SYSTEMPATH\Model.php(240): CodeIgniter\Database\BaseBuilder->get()
 4 SYSTEMPATH\BaseModel.php(618): CodeIgniter\Model->doFindAll(0, 0)
 5 APPPATH\Models\ParkirModel.php(12): CodeIgniter\BaseModel->findAll()
 6 APPPATH\Controllers\Parkir.php(13): App\Models\ParkirModel->getData()
 7 SYSTEMPATH\CodeIgniter.php(934): App\Controllers\Parkir->index()
 8 SYSTEMPATH\CodeIgniter.php(499): CodeIgniter\CodeIgniter->runController(Object(App\Controllers\Parkir))
 9 SYSTEMPATH\CodeIgniter.php(368): CodeIgniter\CodeIgniter->handleRequest(null, Object(Config\Cache), false)
10 FCPATH\index.php(67): CodeIgniter\CodeIgniter->run()
11 SYSTEMPATH\Commands\Server\rewrite.php(47): require_once('FCPATH\\index.php')
INFO - 2023-11-15 13:15:12 --> Session: Class initialized using 'CodeIgniter\Session\Handlers\FileHandler' driver.
INFO - 2023-11-15 13:15:37 --> Session: Class initialized using 'CodeIgniter\Session\Handlers\FileHandler' driver.
INFO - 2023-11-15 13:24:33 --> Session: Class initialized using 'CodeIgniter\Session\Handlers\FileHandler' driver.
INFO - 2023-11-15 13:26:46 --> Session: Class initialized using 'CodeIgniter\Session\Handlers\FileHandler' driver.
INFO - 2023-11-15 13:27:11 --> Session: Class initialized using 'CodeIgniter\Session\Handlers\FileHandler' driver.
INFO - 2023-11-15 13:27:12 --> Session: Class initialized using 'CodeIgniter\Session\Handlers\FileHandler' driver.
INFO - 2023-11-15 13:27:22 --> Session: Class initialized using 'CodeIgniter\Session\Handlers\FileHandler' driver.
INFO - 2023-11-15 13:28:35 --> Session: Class initialized using 'CodeIgniter\Session\Handlers\FileHandler' driver.
INFO - 2023-11-15 13:28:57 --> Session: Class initialized using 'CodeIgniter\Session\Handlers\FileHandler' driver.
INFO - 2023-11-15 13:30:11 --> Session: Class initialized using 'CodeIgniter\Session\Handlers\FileHandler' driver.
INFO - 2023-11-15 13:30:22 --> Session: Class initialized using 'CodeIgniter\Session\Handlers\FileHandler' driver.
INFO - 2023-11-15 13:34:24 --> Session: Class initialized using 'CodeIgniter\Session\Handlers\FileHandler' driver.
INFO - 2023-11-15 13:34:31 --> Session: Class initialized using 'CodeIgniter\Session\Handlers\FileHandler' driver.
INFO - 2023-11-15 13:36:26 --> Session: Class initialized using 'CodeIgniter\Session\Handlers\FileHandler' driver.
INFO - 2023-11-15 13:37:53 --> Session: Class initialized using 'CodeIgniter\Session\Handlers\FileHandler' driver.
