CRITICAL - 2023-09-13 12:55:35 --> Undefined array key "no_kendaraan"
in APPPATH\Views\vparkir.php on line 23.
 1 APPPATH\Views\vparkir.php(23): CodeIgniter\Debug\Exceptions->errorHandler(2, 'Undefined array key "no_kendaraan"', 'APPPATH\\Views\\vparkir.php', 23)
 2 SYSTEMPATH\View\View.php(213): include('APPPATH\\Views\\vparkir.php')
 3 SYSTEMPATH\View\View.php(216): CodeIgniter\View\View->CodeIgniter\View\{closure}()
 4 SYSTEMPATH\Common.php(1177): CodeIgniter\View\View->render('vparkir', [], true)
 5 APPPATH\Controllers\ParkirController.php(14): view('vparkir', [...])
 6 SYSTEMPATH\CodeIgniter.php(934): App\Controllers\ParkirController->index()
 7 SYSTEMPATH\CodeIgniter.php(499): CodeIgniter\CodeIgniter->runController(Object(App\Controllers\ParkirController))
 8 SYSTEMPATH\CodeIgniter.php(368): CodeIgniter\CodeIgniter->handleRequest(null, Object(Config\Cache), false)
 9 FCPATH\index.php(67): CodeIgniter\CodeIgniter->run()
10 SYSTEMPATH\Commands\Server\rewrite.php(47): require_once('FCPATH\\index.php')
CRITICAL - 2023-09-13 12:55:36 --> Undefined array key "no_kendaraan"
in APPPATH\Views\vparkir.php on line 23.
 1 APPPATH\Views\vparkir.php(23): CodeIgniter\Debug\Exceptions->errorHandler(2, 'Undefined array key "no_kendaraan"', 'APPPATH\\Views\\vparkir.php', 23)
 2 SYSTEMPATH\View\View.php(213): include('APPPATH\\Views\\vparkir.php')
 3 SYSTEMPATH\View\View.php(216): CodeIgniter\View\View->CodeIgniter\View\{closure}()
 4 SYSTEMPATH\Common.php(1177): CodeIgniter\View\View->render('vparkir', [], true)
 5 APPPATH\Controllers\ParkirController.php(14): view('vparkir', [...])
 6 SYSTEMPATH\CodeIgniter.php(934): App\Controllers\ParkirController->index()
 7 SYSTEMPATH\CodeIgniter.php(499): CodeIgniter\CodeIgniter->runController(Object(App\Controllers\ParkirController))
 8 SYSTEMPATH\CodeIgniter.php(368): CodeIgniter\CodeIgniter->handleRequest(null, Object(Config\Cache), false)
 9 FCPATH\index.php(67): CodeIgniter\CodeIgniter->run()
10 SYSTEMPATH\Commands\Server\rewrite.php(47): require_once('FCPATH\\index.php')
CRITICAL - 2023-09-13 12:57:49 --> Cannot use object of type mysqli as array
in APPPATH\Views\vparkir.php on line 23.
 1 SYSTEMPATH\View\View.php(213): include()
 2 SYSTEMPATH\View\View.php(216): CodeIgniter\View\View->CodeIgniter\View\{closure}()
 3 SYSTEMPATH\Common.php(1177): CodeIgniter\View\View->render('vparkir', [], true)
 4 APPPATH\Controllers\ParkirController.php(14): view('vparkir', [...])
 5 SYSTEMPATH\CodeIgniter.php(934): App\Controllers\ParkirController->index()
 6 SYSTEMPATH\CodeIgniter.php(499): CodeIgniter\CodeIgniter->runController(Object(App\Controllers\ParkirController))
 7 SYSTEMPATH\CodeIgniter.php(368): CodeIgniter\CodeIgniter->handleRequest(null, Object(Config\Cache), false)
 8 FCPATH\index.php(67): CodeIgniter\CodeIgniter->run()
 9 SYSTEMPATH\Commands\Server\rewrite.php(47): require_once('FCPATH\\index.php')
CRITICAL - 2023-09-13 12:58:06 --> Undefined property: mysqli::$no_kendaraan
in APPPATH\Views\vparkir.php on line 23.
 1 APPPATH\Views\vparkir.php(23): CodeIgniter\Debug\Exceptions->errorHandler(2, 'Undefined property: mysqli::$no_kendaraan', 'APPPATH\\Views\\vparkir.php', 23)
 2 SYSTEMPATH\View\View.php(213): include('APPPATH\\Views\\vparkir.php')
 3 SYSTEMPATH\View\View.php(216): CodeIgniter\View\View->CodeIgniter\View\{closure}()
 4 SYSTEMPATH\Common.php(1177): CodeIgniter\View\View->render('vparkir', [], true)
 5 APPPATH\Controllers\ParkirController.php(14): view('vparkir', [...])
 6 SYSTEMPATH\CodeIgniter.php(934): App\Controllers\ParkirController->index()
 7 SYSTEMPATH\CodeIgniter.php(499): CodeIgniter\CodeIgniter->runController(Object(App\Controllers\ParkirController))
 8 SYSTEMPATH\CodeIgniter.php(368): CodeIgniter\CodeIgniter->handleRequest(null, Object(Config\Cache), false)
 9 FCPATH\index.php(67): CodeIgniter\CodeIgniter->run()
10 SYSTEMPATH\Commands\Server\rewrite.php(47): require_once('FCPATH\\index.php')
CRITICAL - 2023-09-13 12:58:06 --> Undefined property: mysqli::$no_kendaraan
in APPPATH\Views\vparkir.php on line 23.
 1 APPPATH\Views\vparkir.php(23): CodeIgniter\Debug\Exceptions->errorHandler(2, 'Undefined property: mysqli::$no_kendaraan', 'APPPATH\\Views\\vparkir.php', 23)
 2 SYSTEMPATH\View\View.php(213): include('APPPATH\\Views\\vparkir.php')
 3 SYSTEMPATH\View\View.php(216): CodeIgniter\View\View->CodeIgniter\View\{closure}()
 4 SYSTEMPATH\Common.php(1177): CodeIgniter\View\View->render('vparkir', [], true)
 5 APPPATH\Controllers\ParkirController.php(14): view('vparkir', [...])
 6 SYSTEMPATH\CodeIgniter.php(934): App\Controllers\ParkirController->index()
 7 SYSTEMPATH\CodeIgniter.php(499): CodeIgniter\CodeIgniter->runController(Object(App\Controllers\ParkirController))
 8 SYSTEMPATH\CodeIgniter.php(368): CodeIgniter\CodeIgniter->handleRequest(null, Object(Config\Cache), false)
 9 FCPATH\index.php(67): CodeIgniter\CodeIgniter->run()
10 SYSTEMPATH\Commands\Server\rewrite.php(47): require_once('FCPATH\\index.php')
CRITICAL - 2023-09-13 12:58:28 --> Undefined property: mysqli::$no_kendaraan
in APPPATH\Views\vparkir.php on line 23.
 1 APPPATH\Views\vparkir.php(23): CodeIgniter\Debug\Exceptions->errorHandler(2, 'Undefined property: mysqli::$no_kendaraan', 'APPPATH\\Views\\vparkir.php', 23)
 2 SYSTEMPATH\View\View.php(213): include('APPPATH\\Views\\vparkir.php')
 3 SYSTEMPATH\View\View.php(216): CodeIgniter\View\View->CodeIgniter\View\{closure}()
 4 SYSTEMPATH\Common.php(1177): CodeIgniter\View\View->render('vparkir', [], true)
 5 APPPATH\Controllers\ParkirController.php(14): view('vparkir', [...])
 6 SYSTEMPATH\CodeIgniter.php(934): App\Controllers\ParkirController->index()
 7 SYSTEMPATH\CodeIgniter.php(499): CodeIgniter\CodeIgniter->runController(Object(App\Controllers\ParkirController))
 8 SYSTEMPATH\CodeIgniter.php(368): CodeIgniter\CodeIgniter->handleRequest(null, Object(Config\Cache), false)
 9 FCPATH\index.php(67): CodeIgniter\CodeIgniter->run()
10 SYSTEMPATH\Commands\Server\rewrite.php(47): require_once('FCPATH\\index.php')
CRITICAL - 2023-09-13 12:59:09 --> Undefined property: mysqli::$no_kendaraan
in APPPATH\Views\vparkir.php on line 23.
 1 APPPATH\Views\vparkir.php(23): CodeIgniter\Debug\Exceptions->errorHandler(2, 'Undefined property: mysqli::$no_kendaraan', 'APPPATH\\Views\\vparkir.php', 23)
 2 SYSTEMPATH\View\View.php(213): include('APPPATH\\Views\\vparkir.php')
 3 SYSTEMPATH\View\View.php(216): CodeIgniter\View\View->CodeIgniter\View\{closure}()
 4 SYSTEMPATH\Common.php(1177): CodeIgniter\View\View->render('vparkir', [], true)
 5 APPPATH\Controllers\ParkirController.php(14): view('vparkir', [...])
 6 SYSTEMPATH\CodeIgniter.php(934): App\Controllers\ParkirController->index()
 7 SYSTEMPATH\CodeIgniter.php(499): CodeIgniter\CodeIgniter->runController(Object(App\Controllers\ParkirController))
 8 SYSTEMPATH\CodeIgniter.php(368): CodeIgniter\CodeIgniter->handleRequest(null, Object(Config\Cache), false)
 9 FCPATH\index.php(67): CodeIgniter\CodeIgniter->run()
10 SYSTEMPATH\Commands\Server\rewrite.php(47): require_once('FCPATH\\index.php')
CRITICAL - 2023-09-13 12:59:22 --> Undefined variable $no_kendaraan
in APPPATH\Views\vparkir.php on line 23.
 1 APPPATH\Views\vparkir.php(23): CodeIgniter\Debug\Exceptions->errorHandler(2, 'Undefined variable $no_kendaraan', 'APPPATH\\Views\\vparkir.php', 23)
 2 SYSTEMPATH\View\View.php(213): include('APPPATH\\Views\\vparkir.php')
 3 SYSTEMPATH\View\View.php(216): CodeIgniter\View\View->CodeIgniter\View\{closure}()
 4 SYSTEMPATH\Common.php(1177): CodeIgniter\View\View->render('vparkir', [], true)
 5 APPPATH\Controllers\ParkirController.php(14): view('vparkir', [...])
 6 SYSTEMPATH\CodeIgniter.php(934): App\Controllers\ParkirController->index()
 7 SYSTEMPATH\CodeIgniter.php(499): CodeIgniter\CodeIgniter->runController(Object(App\Controllers\ParkirController))
 8 SYSTEMPATH\CodeIgniter.php(368): CodeIgniter\CodeIgniter->handleRequest(null, Object(Config\Cache), false)
 9 FCPATH\index.php(67): CodeIgniter\CodeIgniter->run()
10 SYSTEMPATH\Commands\Server\rewrite.php(47): require_once('FCPATH\\index.php')
CRITICAL - 2023-09-13 12:59:25 --> Undefined variable $no_kendaraan
in APPPATH\Views\vparkir.php on line 23.
 1 APPPATH\Views\vparkir.php(23): CodeIgniter\Debug\Exceptions->errorHandler(2, 'Undefined variable $no_kendaraan', 'APPPATH\\Views\\vparkir.php', 23)
 2 SYSTEMPATH\View\View.php(213): include('APPPATH\\Views\\vparkir.php')
 3 SYSTEMPATH\View\View.php(216): CodeIgniter\View\View->CodeIgniter\View\{closure}()
 4 SYSTEMPATH\Common.php(1177): CodeIgniter\View\View->render('vparkir', [], true)
 5 APPPATH\Controllers\ParkirController.php(14): view('vparkir', [...])
 6 SYSTEMPATH\CodeIgniter.php(934): App\Controllers\ParkirController->index()
 7 SYSTEMPATH\CodeIgniter.php(499): CodeIgniter\CodeIgniter->runController(Object(App\Controllers\ParkirController))
 8 SYSTEMPATH\CodeIgniter.php(368): CodeIgniter\CodeIgniter->handleRequest(null, Object(Config\Cache), false)
 9 FCPATH\index.php(67): CodeIgniter\CodeIgniter->run()
10 SYSTEMPATH\Commands\Server\rewrite.php(47): require_once('FCPATH\\index.php')
CRITICAL - 2023-09-13 12:59:31 --> Undefined variable $no_kendaraan
in APPPATH\Views\vparkir.php on line 23.
 1 APPPATH\Views\vparkir.php(23): CodeIgniter\Debug\Exceptions->errorHandler(2, 'Undefined variable $no_kendaraan', 'APPPATH\\Views\\vparkir.php', 23)
 2 SYSTEMPATH\View\View.php(213): include('APPPATH\\Views\\vparkir.php')
 3 SYSTEMPATH\View\View.php(216): CodeIgniter\View\View->CodeIgniter\View\{closure}()
 4 SYSTEMPATH\Common.php(1177): CodeIgniter\View\View->render('vparkir', [], true)
 5 APPPATH\Controllers\ParkirController.php(14): view('vparkir', [...])
 6 SYSTEMPATH\CodeIgniter.php(934): App\Controllers\ParkirController->index()
 7 SYSTEMPATH\CodeIgniter.php(499): CodeIgniter\CodeIgniter->runController(Object(App\Controllers\ParkirController))
 8 SYSTEMPATH\CodeIgniter.php(368): CodeIgniter\CodeIgniter->handleRequest(null, Object(Config\Cache), false)
 9 FCPATH\index.php(67): CodeIgniter\CodeIgniter->run()
10 SYSTEMPATH\Commands\Server\rewrite.php(47): require_once('FCPATH\\index.php')
CRITICAL - 2023-09-13 12:59:51 --> Cannot use object of type CodeIgniter\Database\MySQLi\Result as array
in APPPATH\Views\vparkir.php on line 23.
 1 SYSTEMPATH\View\View.php(213): include()
 2 SYSTEMPATH\View\View.php(216): CodeIgniter\View\View->CodeIgniter\View\{closure}()
 3 SYSTEMPATH\Common.php(1177): CodeIgniter\View\View->render('vparkir', [], true)
 4 APPPATH\Controllers\ParkirController.php(14): view('vparkir', [...])
 5 SYSTEMPATH\CodeIgniter.php(934): App\Controllers\ParkirController->index()
 6 SYSTEMPATH\CodeIgniter.php(499): CodeIgniter\CodeIgniter->runController(Object(App\Controllers\ParkirController))
 7 SYSTEMPATH\CodeIgniter.php(368): CodeIgniter\CodeIgniter->handleRequest(null, Object(Config\Cache), false)
 8 FCPATH\index.php(67): CodeIgniter\CodeIgniter->run()
 9 SYSTEMPATH\Commands\Server\rewrite.php(47): require_once('FCPATH\\index.php')
CRITICAL - 2023-09-13 12:59:51 --> Cannot use object of type CodeIgniter\Database\MySQLi\Result as array
in APPPATH\Views\vparkir.php on line 23.
 1 SYSTEMPATH\View\View.php(213): include()
 2 SYSTEMPATH\View\View.php(216): CodeIgniter\View\View->CodeIgniter\View\{closure}()
 3 SYSTEMPATH\Common.php(1177): CodeIgniter\View\View->render('vparkir', [], true)
 4 APPPATH\Controllers\ParkirController.php(14): view('vparkir', [...])
 5 SYSTEMPATH\CodeIgniter.php(934): App\Controllers\ParkirController->index()
 6 SYSTEMPATH\CodeIgniter.php(499): CodeIgniter\CodeIgniter->runController(Object(App\Controllers\ParkirController))
 7 SYSTEMPATH\CodeIgniter.php(368): CodeIgniter\CodeIgniter->handleRequest(null, Object(Config\Cache), false)
 8 FCPATH\index.php(67): CodeIgniter\CodeIgniter->run()
 9 SYSTEMPATH\Commands\Server\rewrite.php(47): require_once('FCPATH\\index.php')
CRITICAL - 2023-09-13 13:00:46 --> Cannot use object of type CodeIgniter\Database\MySQLi\Result as array
in APPPATH\Views\vparkir.php on line 23.
 1 SYSTEMPATH\View\View.php(213): include()
 2 SYSTEMPATH\View\View.php(216): CodeIgniter\View\View->CodeIgniter\View\{closure}()
 3 SYSTEMPATH\Common.php(1177): CodeIgniter\View\View->render('vparkir', [], true)
 4 APPPATH\Controllers\ParkirController.php(14): view('vparkir', [...])
 5 SYSTEMPATH\CodeIgniter.php(934): App\Controllers\ParkirController->index()
 6 SYSTEMPATH\CodeIgniter.php(499): CodeIgniter\CodeIgniter->runController(Object(App\Controllers\ParkirController))
 7 SYSTEMPATH\CodeIgniter.php(368): CodeIgniter\CodeIgniter->handleRequest(null, Object(Config\Cache), false)
 8 FCPATH\index.php(67): CodeIgniter\CodeIgniter->run()
 9 SYSTEMPATH\Commands\Server\rewrite.php(47): require_once('FCPATH\\index.php')
CRITICAL - 2023-09-13 13:00:50 --> Cannot use object of type CodeIgniter\Database\MySQLi\Result as array
in APPPATH\Views\vparkir.php on line 23.
 1 SYSTEMPATH\View\View.php(213): include()
 2 SYSTEMPATH\View\View.php(216): CodeIgniter\View\View->CodeIgniter\View\{closure}()
 3 SYSTEMPATH\Common.php(1177): CodeIgniter\View\View->render('vparkir', [], true)
 4 APPPATH\Controllers\ParkirController.php(14): view('vparkir', [...])
 5 SYSTEMPATH\CodeIgniter.php(934): App\Controllers\ParkirController->index()
 6 SYSTEMPATH\CodeIgniter.php(499): CodeIgniter\CodeIgniter->runController(Object(App\Controllers\ParkirController))
 7 SYSTEMPATH\CodeIgniter.php(368): CodeIgniter\CodeIgniter->handleRequest(null, Object(Config\Cache), false)
 8 FCPATH\index.php(67): CodeIgniter\CodeIgniter->run()
 9 SYSTEMPATH\Commands\Server\rewrite.php(47): require_once('FCPATH\\index.php')
CRITICAL - 2023-09-13 13:01:01 --> Cannot use object of type stdClass as array
in APPPATH\Views\vparkir.php on line 23.
 1 SYSTEMPATH\View\View.php(213): include()
 2 SYSTEMPATH\View\View.php(216): CodeIgniter\View\View->CodeIgniter\View\{closure}()
 3 SYSTEMPATH\Common.php(1177): CodeIgniter\View\View->render('vparkir', [], true)
 4 APPPATH\Controllers\ParkirController.php(14): view('vparkir', [...])
 5 SYSTEMPATH\CodeIgniter.php(934): App\Controllers\ParkirController->index()
 6 SYSTEMPATH\CodeIgniter.php(499): CodeIgniter\CodeIgniter->runController(Object(App\Controllers\ParkirController))
 7 SYSTEMPATH\CodeIgniter.php(368): CodeIgniter\CodeIgniter->handleRequest(null, Object(Config\Cache), false)
 8 FCPATH\index.php(67): CodeIgniter\CodeIgniter->run()
 9 SYSTEMPATH\Commands\Server\rewrite.php(47): require_once('FCPATH\\index.php')
CRITICAL - 2023-09-13 13:02:24 --> Call to undefined method CodeIgniter\Database\MySQLi\Builder::getResult()
in APPPATH\Views\vparkir.php on line 20.
 1 SYSTEMPATH\View\View.php(213): include()
 2 SYSTEMPATH\View\View.php(216): CodeIgniter\View\View->CodeIgniter\View\{closure}()
 3 SYSTEMPATH\Common.php(1177): CodeIgniter\View\View->render('vparkir', [], true)
 4 APPPATH\Controllers\ParkirController.php(14): view('vparkir', [...])
 5 SYSTEMPATH\CodeIgniter.php(934): App\Controllers\ParkirController->index()
 6 SYSTEMPATH\CodeIgniter.php(499): CodeIgniter\CodeIgniter->runController(Object(App\Controllers\ParkirController))
 7 SYSTEMPATH\CodeIgniter.php(368): CodeIgniter\CodeIgniter->handleRequest(null, Object(Config\Cache), false)
 8 FCPATH\index.php(67): CodeIgniter\CodeIgniter->run()
 9 SYSTEMPATH\Commands\Server\rewrite.php(47): require_once('FCPATH\\index.php')
