ERROR - 2023-02-18 02:09:04 --> Error connecting to the database: mysqli_sql_exception: No connection could be made because the target machine actively refused it in C:\xampp\htdocs\template\MASTER\CI4_L3\system\Database\MySQLi\Connection.php:174
Stack trace:
#0 C:\xampp\htdocs\template\MASTER\CI4_L3\system\Database\MySQLi\Connection.php(174): mysqli->real_connect('localhost', 'root', '', 'lp3i', 3306, '', 0)
#1 C:\xampp\htdocs\template\MASTER\CI4_L3\system\Database\BaseConnection.php(391): CodeIgniter\Database\MySQLi\Connection->connect(false)
#2 C:\xampp\htdocs\template\MASTER\CI4_L3\system\Database\BaseConnection.php(573): CodeIgniter\Database\BaseConnection->initialize()
#3 C:\xampp\htdocs\template\MASTER\CI4_L3\system\Database\BaseBuilder.php(1602): CodeIgniter\Database\BaseConnection->query('SELECT *\nFROM `...', Array, false)
#4 C:\xampp\htdocs\template\MASTER\CI4_L3\system\Model.php(240): CodeIgniter\Database\BaseBuilder->get()
#5 C:\xampp\htdocs\template\MASTER\CI4_L3\system\BaseModel.php(618): CodeIgniter\Model->doFindAll(0, 0)
#6 C:\xampp\htdocs\template\MASTER\CI4_L3\app\Models\MahasiswaModel.php(18): CodeIgniter\BaseModel->findAll()
#7 C:\xampp\htdocs\template\MASTER\CI4_L3\app\Controllers\Mahasiswa.php(18): App\Models\MahasiswaModel->getMhs()
#8 C:\xampp\htdocs\template\MASTER\CI4_L3\system\CodeIgniter.php(934): App\Controllers\Mahasiswa->index()
#9 C:\xampp\htdocs\template\MASTER\CI4_L3\system\CodeIgniter.php(499): CodeIgniter\CodeIgniter->runController(Object(App\Controllers\Mahasiswa))
#10 C:\xampp\htdocs\template\MASTER\CI4_L3\system\CodeIgniter.php(368): CodeIgniter\CodeIgniter->handleRequest(NULL, Object(Config\Cache), false)
#11 C:\xampp\htdocs\template\MASTER\CI4_L3\public\index.php(67): CodeIgniter\CodeIgniter->run()
#12 C:\xampp\htdocs\template\MASTER\CI4_L3\system\Commands\Server\rewrite.php(47): require_once('C:\\xampp\\htdocs...')
#13 {main}

Next CodeIgniter\Database\Exceptions\DatabaseException: No connection could be made because the target machine actively refused it in C:\xampp\htdocs\template\MASTER\CI4_L3\system\Database\MySQLi\Connection.php:218
Stack trace:
#0 C:\xampp\htdocs\template\MASTER\CI4_L3\system\Database\BaseConnection.php(391): CodeIgniter\Database\MySQLi\Connection->connect(false)
#1 C:\xampp\htdocs\template\MASTER\CI4_L3\system\Database\BaseConnection.php(573): CodeIgniter\Database\BaseConnection->initialize()
#2 C:\xampp\htdocs\template\MASTER\CI4_L3\system\Database\BaseBuilder.php(1602): CodeIgniter\Database\BaseConnection->query('SELECT *\nFROM `...', Array, false)
#3 C:\xampp\htdocs\template\MASTER\CI4_L3\system\Model.php(240): CodeIgniter\Database\BaseBuilder->get()
#4 C:\xampp\htdocs\template\MASTER\CI4_L3\system\BaseModel.php(618): CodeIgniter\Model->doFindAll(0, 0)
#5 C:\xampp\htdocs\template\MASTER\CI4_L3\app\Models\MahasiswaModel.php(18): CodeIgniter\BaseModel->findAll()
#6 C:\xampp\htdocs\template\MASTER\CI4_L3\app\Controllers\Mahasiswa.php(18): App\Models\MahasiswaModel->getMhs()
#7 C:\xampp\htdocs\template\MASTER\CI4_L3\system\CodeIgniter.php(934): App\Controllers\Mahasiswa->index()
#8 C:\xampp\htdocs\template\MASTER\CI4_L3\system\CodeIgniter.php(499): CodeIgniter\CodeIgniter->runController(Object(App\Controllers\Mahasiswa))
#9 C:\xampp\htdocs\template\MASTER\CI4_L3\system\CodeIgniter.php(368): CodeIgniter\CodeIgniter->handleRequest(NULL, Object(Config\Cache), false)
#10 C:\xampp\htdocs\template\MASTER\CI4_L3\public\index.php(67): CodeIgniter\CodeIgniter->run()
#11 C:\xampp\htdocs\template\MASTER\CI4_L3\system\Commands\Server\rewrite.php(47): require_once('C:\\xampp\\htdocs...')
#12 {main}
CRITICAL - 2023-02-18 02:09:04 --> Unable to connect to the database.
Main connection [MySQLi]: No connection could be made because the target machine actively refused it
in SYSTEMPATH\Database\BaseConnection.php on line 427.
 1 SYSTEMPATH\Database\BaseConnection.php(573): CodeIgniter\Database\BaseConnection->initialize()
 2 SYSTEMPATH\Database\BaseBuilder.php(1602): CodeIgniter\Database\BaseConnection->query('SELECT *
FROM `mahasiswa`', [], false)
 3 SYSTEMPATH\Model.php(240): CodeIgniter\Database\BaseBuilder->get()
 4 SYSTEMPATH\BaseModel.php(618): CodeIgniter\Model->doFindAll(0, 0)
 5 APPPATH\Models\MahasiswaModel.php(18): CodeIgniter\BaseModel->findAll()
 6 APPPATH\Controllers\Mahasiswa.php(18): App\Models\MahasiswaModel->getMhs()
 7 SYSTEMPATH\CodeIgniter.php(934): App\Controllers\Mahasiswa->index()
 8 SYSTEMPATH\CodeIgniter.php(499): CodeIgniter\CodeIgniter->runController(Object(App\Controllers\Mahasiswa))
 9 SYSTEMPATH\CodeIgniter.php(368): CodeIgniter\CodeIgniter->handleRequest(null, Object(Config\Cache), false)
10 FCPATH\index.php(67): CodeIgniter\CodeIgniter->run()
11 SYSTEMPATH\Commands\Server\rewrite.php(47): require_once('FCPATH\\index.php')
CRITICAL - 2023-02-18 02:14:17 --> Invalid file: "template.php"
in SYSTEMPATH\Exceptions\FrameworkException.php on line 33.
 1 SYSTEMPATH\View\View.php(201): CodeIgniter\Exceptions\FrameworkException::forInvalidFile('template.php')
 2 SYSTEMPATH\View\View.php(229): CodeIgniter\View\View->render('template', [], true)
 3 SYSTEMPATH\Common.php(1177): CodeIgniter\View\View->render('shop', [], true)
 4 APPPATH\Controllers\Jurusan.php(81): view('shop')
 5 SYSTEMPATH\CodeIgniter.php(934): App\Controllers\Jurusan->shop()
 6 SYSTEMPATH\CodeIgniter.php(499): CodeIgniter\CodeIgniter->runController(Object(App\Controllers\Jurusan))
 7 SYSTEMPATH\CodeIgniter.php(368): CodeIgniter\CodeIgniter->handleRequest(null, Object(Config\Cache), false)
 8 FCPATH\index.php(67): CodeIgniter\CodeIgniter->run()
 9 SYSTEMPATH\Commands\Server\rewrite.php(47): require_once('FCPATH\\index.php')
CRITICAL - 2023-02-18 02:16:17 --> Invalid file: "../_layout/template.php"
in SYSTEMPATH\Exceptions\FrameworkException.php on line 33.
 1 SYSTEMPATH\View\View.php(201): CodeIgniter\Exceptions\FrameworkException::forInvalidFile('../_layout/template.php')
 2 SYSTEMPATH\View\View.php(229): CodeIgniter\View\View->render('../_layout/template', [], true)
 3 SYSTEMPATH\Common.php(1177): CodeIgniter\View\View->render('shop', [], true)
 4 APPPATH\Controllers\Jurusan.php(81): view('shop')
 5 SYSTEMPATH\CodeIgniter.php(934): App\Controllers\Jurusan->shop()
 6 SYSTEMPATH\CodeIgniter.php(499): CodeIgniter\CodeIgniter->runController(Object(App\Controllers\Jurusan))
 7 SYSTEMPATH\CodeIgniter.php(368): CodeIgniter\CodeIgniter->handleRequest(null, Object(Config\Cache), false)
 8 FCPATH\index.php(67): CodeIgniter\CodeIgniter->run()
 9 SYSTEMPATH\Commands\Server\rewrite.php(47): require_once('FCPATH\\index.php')
CRITICAL - 2023-02-18 04:03:28 --> Undefined variable $base_url
in APPPATH\Views\_layout\template.php on line 12.
 1 APPPATH\Views\_layout\template.php(12): CodeIgniter\Debug\Exceptions->errorHandler(2, 'Undefined variable $base_url', 'APPPATH\\Views\\_layout\\template.php', 12)
 2 SYSTEMPATH\View\View.php(213): include('APPPATH\\Views\\_layout\\template.php')
 3 SYSTEMPATH\View\View.php(216): CodeIgniter\View\View->CodeIgniter\View\{closure}()
 4 SYSTEMPATH\View\View.php(229): CodeIgniter\View\View->render('_layout/template', [], true)
 5 SYSTEMPATH\Common.php(1177): CodeIgniter\View\View->render('shop', [], true)
 6 APPPATH\Controllers\Jurusan.php(81): view('shop')
 7 SYSTEMPATH\CodeIgniter.php(934): App\Controllers\Jurusan->shop()
 8 SYSTEMPATH\CodeIgniter.php(499): CodeIgniter\CodeIgniter->runController(Object(App\Controllers\Jurusan))
 9 SYSTEMPATH\CodeIgniter.php(368): CodeIgniter\CodeIgniter->handleRequest(null, Object(Config\Cache), false)
10 FCPATH\index.php(67): CodeIgniter\CodeIgniter->run()
11 SYSTEMPATH\Commands\Server\rewrite.php(47): require_once('FCPATH\\index.php')
