INFO - 2023-02-22 03:17:31 --> Session: Class initialized using 'CodeIgniter\Session\Handlers\FileHandler' driver.
INFO - 2023-02-22 03:23:19 --> Session: Class initialized using 'CodeIgniter\Session\Handlers\FileHandler' driver.
INFO - 2023-02-22 03:23:25 --> Session: Class initialized using 'CodeIgniter\Session\Handlers\FileHandler' driver.
INFO - 2023-02-22 03:24:32 --> Session: Class initialized using 'CodeIgniter\Session\Handlers\FileHandler' driver.
INFO - 2023-02-22 03:26:38 --> Session: Class initialized using 'CodeIgniter\Session\Handlers\FileHandler' driver.
INFO - 2023-02-22 03:30:22 --> Session: Class initialized using 'CodeIgniter\Session\Handlers\FileHandler' driver.
INFO - 2023-02-22 03:32:45 --> Session: Class initialized using 'CodeIgniter\Session\Handlers\FileHandler' driver.
INFO - 2023-02-22 03:33:52 --> Session: Class initialized using 'CodeIgniter\Session\Handlers\FileHandler' driver.
INFO - 2023-02-22 03:33:59 --> Session: Class initialized using 'CodeIgniter\Session\Handlers\FileHandler' driver.
INFO - 2023-02-22 03:34:27 --> Session: Class initialized using 'CodeIgniter\Session\Handlers\FileHandler' driver.
INFO - 2023-02-22 03:34:33 --> Session: Class initialized using 'CodeIgniter\Session\Handlers\FileHandler' driver.
INFO - 2023-02-22 03:35:03 --> Session: Class initialized using 'CodeIgniter\Session\Handlers\FileHandler' driver.
INFO - 2023-02-22 03:35:07 --> Session: Class initialized using 'CodeIgniter\Session\Handlers\FileHandler' driver.
INFO - 2023-02-22 03:35:07 --> Session: Class initialized using 'CodeIgniter\Session\Handlers\FileHandler' driver.
INFO - 2023-02-22 03:35:09 --> Session: Class initialized using 'CodeIgniter\Session\Handlers\FileHandler' driver.
INFO - 2023-02-22 03:35:31 --> Session: Class initialized using 'CodeIgniter\Session\Handlers\FileHandler' driver.
INFO - 2023-02-22 03:38:56 --> Session: Class initialized using 'CodeIgniter\Session\Handlers\FileHandler' driver.
INFO - 2023-02-22 03:38:57 --> Session: Class initialized using 'CodeIgniter\Session\Handlers\FileHandler' driver.
INFO - 2023-02-22 03:39:09 --> Session: Class initialized using 'CodeIgniter\Session\Handlers\FileHandler' driver.
INFO - 2023-02-22 03:39:58 --> Session: Class initialized using 'CodeIgniter\Session\Handlers\FileHandler' driver.
INFO - 2023-02-22 03:40:17 --> Session: Class initialized using 'CodeIgniter\Session\Handlers\FileHandler' driver.
INFO - 2023-02-22 03:40:17 --> Session: Class initialized using 'CodeIgniter\Session\Handlers\FileHandler' driver.
INFO - 2023-02-22 03:40:33 --> Session: Class initialized using 'CodeIgniter\Session\Handlers\FileHandler' driver.
INFO - 2023-02-22 03:40:47 --> Session: Class initialized using 'CodeIgniter\Session\Handlers\FileHandler' driver.
INFO - 2023-02-22 03:40:48 --> Session: Class initialized using 'CodeIgniter\Session\Handlers\FileHandler' driver.
INFO - 2023-02-22 03:42:48 --> Session: Class initialized using 'CodeIgniter\Session\Handlers\FileHandler' driver.
INFO - 2023-02-22 03:43:07 --> Session: Class initialized using 'CodeIgniter\Session\Handlers\FileHandler' driver.
INFO - 2023-02-22 03:43:07 --> Session: Class initialized using 'CodeIgniter\Session\Handlers\FileHandler' driver.
INFO - 2023-02-22 03:43:23 --> Session: Class initialized using 'CodeIgniter\Session\Handlers\FileHandler' driver.
INFO - 2023-02-22 03:43:37 --> Session: Class initialized using 'CodeIgniter\Session\Handlers\FileHandler' driver.
INFO - 2023-02-22 03:43:37 --> Session: Class initialized using 'CodeIgniter\Session\Handlers\FileHandler' driver.
INFO - 2023-02-22 03:44:48 --> Session: Class initialized using 'CodeIgniter\Session\Handlers\FileHandler' driver.
INFO - 2023-02-22 03:45:11 --> Session: Class initialized using 'CodeIgniter\Session\Handlers\FileHandler' driver.
INFO - 2023-02-22 03:45:11 --> Session: Class initialized using 'CodeIgniter\Session\Handlers\FileHandler' driver.
INFO - 2023-02-22 03:45:40 --> Session: Class initialized using 'CodeIgniter\Session\Handlers\FileHandler' driver.
INFO - 2023-02-22 03:45:41 --> Session: Class initialized using 'CodeIgniter\Session\Handlers\FileHandler' driver.
INFO - 2023-02-22 03:45:43 --> Session: Class initialized using 'CodeIgniter\Session\Handlers\FileHandler' driver.
INFO - 2023-02-22 04:07:21 --> Session: Class initialized using 'CodeIgniter\Session\Handlers\FileHandler' driver.
INFO - 2023-02-22 04:07:24 --> Session: Class initialized using 'CodeIgniter\Session\Handlers\FileHandler' driver.
INFO - 2023-02-22 04:07:24 --> Session: Class initialized using 'CodeIgniter\Session\Handlers\FileHandler' driver.
INFO - 2023-02-22 04:07:30 --> Session: Class initialized using 'CodeIgniter\Session\Handlers\FileHandler' driver.
INFO - 2023-02-22 04:11:37 --> Session: Class initialized using 'CodeIgniter\Session\Handlers\FileHandler' driver.
INFO - 2023-02-22 04:11:40 --> Session: Class initialized using 'CodeIgniter\Session\Handlers\FileHandler' driver.
INFO - 2023-02-22 04:11:40 --> Session: Class initialized using 'CodeIgniter\Session\Handlers\FileHandler' driver.
INFO - 2023-02-22 04:11:46 --> Session: Class initialized using 'CodeIgniter\Session\Handlers\FileHandler' driver.
INFO - 2023-02-22 04:41:27 --> Session: Class initialized using 'CodeIgniter\Session\Handlers\FileHandler' driver.
INFO - 2023-02-22 04:41:34 --> Session: Class initialized using 'CodeIgniter\Session\Handlers\FileHandler' driver.
INFO - 2023-02-22 04:41:34 --> Session: Class initialized using 'CodeIgniter\Session\Handlers\FileHandler' driver.
INFO - 2023-02-22 04:41:38 --> Session: Class initialized using 'CodeIgniter\Session\Handlers\FileHandler' driver.
INFO - 2023-02-22 04:42:39 --> Session: Class initialized using 'CodeIgniter\Session\Handlers\FileHandler' driver.
ERROR - 2023-02-22 04:42:50 --> mysqli_sql_exception: Duplicate entry '1@mail.com' for key 'Index 2' in C:\xampp\htdocs\template\MASTER\CI4_L3\system\Database\MySQLi\Connection.php:295
Stack trace:
#0 C:\xampp\htdocs\template\MASTER\CI4_L3\system\Database\MySQLi\Connection.php(295): mysqli->query('INSERT INTO `ma...', 0)
#1 C:\xampp\htdocs\template\MASTER\CI4_L3\system\Database\BaseConnection.php(691): CodeIgniter\Database\MySQLi\Connection->execute('INSERT INTO `ma...')
#2 C:\xampp\htdocs\template\MASTER\CI4_L3\system\Database\BaseConnection.php(605): CodeIgniter\Database\BaseConnection->simpleQuery('INSERT INTO `ma...')
#3 C:\xampp\htdocs\template\MASTER\CI4_L3\system\Database\BaseBuilder.php(2295): CodeIgniter\Database\BaseConnection->query('INSERT INTO `ma...', Array, false)
#4 C:\xampp\htdocs\template\MASTER\CI4_L3\app\Models\MahasiswaModel.php(27): CodeIgniter\Database\BaseBuilder->insert(Array)
#5 C:\xampp\htdocs\template\MASTER\CI4_L3\app\Controllers\Mahasiswa.php(65): App\Models\MahasiswaModel->saveMhs(Array)
#6 C:\xampp\htdocs\template\MASTER\CI4_L3\system\CodeIgniter.php(934): App\Controllers\Mahasiswa->create()
#7 C:\xampp\htdocs\template\MASTER\CI4_L3\system\CodeIgniter.php(499): CodeIgniter\CodeIgniter->runController(Object(App\Controllers\Mahasiswa))
#8 C:\xampp\htdocs\template\MASTER\CI4_L3\system\CodeIgniter.php(368): CodeIgniter\CodeIgniter->handleRequest(NULL, Object(Config\Cache), false)
#9 C:\xampp\htdocs\template\MASTER\CI4_L3\public\index.php(67): CodeIgniter\CodeIgniter->run()
#10 C:\xampp\htdocs\template\MASTER\CI4_L3\system\Commands\Server\rewrite.php(47): require_once('C:\\xampp\\htdocs...')
#11 {main}
CRITICAL - 2023-02-22 04:42:50 --> Duplicate entry '1@mail.com' for key 'Index 2'
in SYSTEMPATH\Database\BaseConnection.php on line 645.
 1 SYSTEMPATH\Database\BaseBuilder.php(2295): CodeIgniter\Database\BaseConnection->query('INSERT INTO `mahasiswa` (`nik`, `nama`, `email`, `handphone`) VALUES (:nik:, :nama:, :email:, :handphone:)', [...], false)
 2 APPPATH\Models\MahasiswaModel.php(27): CodeIgniter\Database\BaseBuilder->insert([...])
 3 APPPATH\Controllers\Mahasiswa.php(65): App\Models\MahasiswaModel->saveMhs([...])
 4 SYSTEMPATH\CodeIgniter.php(934): App\Controllers\Mahasiswa->create()
 5 SYSTEMPATH\CodeIgniter.php(499): CodeIgniter\CodeIgniter->runController(Object(App\Controllers\Mahasiswa))
 6 SYSTEMPATH\CodeIgniter.php(368): CodeIgniter\CodeIgniter->handleRequest(null, Object(Config\Cache), false)
 7 FCPATH\index.php(67): CodeIgniter\CodeIgniter->run()
 8 SYSTEMPATH\Commands\Server\rewrite.php(47): require_once('FCPATH\\index.php')
INFO - 2023-02-22 04:43:04 --> Session: Class initialized using 'CodeIgniter\Session\Handlers\FileHandler' driver.
INFO - 2023-02-22 04:43:20 --> Session: Class initialized using 'CodeIgniter\Session\Handlers\FileHandler' driver.
INFO - 2023-02-22 04:43:20 --> Session: Class initialized using 'CodeIgniter\Session\Handlers\FileHandler' driver.
INFO - 2023-02-22 04:58:25 --> Session: Class initialized using 'CodeIgniter\Session\Handlers\FileHandler' driver.
INFO - 2023-02-22 04:58:52 --> Session: Class initialized using 'CodeIgniter\Session\Handlers\FileHandler' driver.
CRITICAL - 2023-02-22 04:58:54 --> Invalid file: "/mainmenu/mahasiswaview.php"
in SYSTEMPATH\Exceptions\FrameworkException.php on line 33.
 1 SYSTEMPATH\View\View.php(201): CodeIgniter\Exceptions\FrameworkException::forInvalidFile('/mainmenu/mahasiswaview.php')
 2 SYSTEMPATH\Common.php(1177): CodeIgniter\View\View->render('/mainmenu/mahasiswaview', [], true)
 3 APPPATH\Controllers\Mahasiswa.php(38): view('/mainmenu/mahasiswaview', [...])
 4 SYSTEMPATH\CodeIgniter.php(934): App\Controllers\Mahasiswa->show('60')
 5 SYSTEMPATH\CodeIgniter.php(499): CodeIgniter\CodeIgniter->runController(Object(App\Controllers\Mahasiswa))
 6 SYSTEMPATH\CodeIgniter.php(368): CodeIgniter\CodeIgniter->handleRequest(null, Object(Config\Cache), false)
 7 FCPATH\index.php(67): CodeIgniter\CodeIgniter->run()
 8 SYSTEMPATH\Commands\Server\rewrite.php(47): require_once('FCPATH\\index.php')
INFO - 2023-02-22 04:59:02 --> Session: Class initialized using 'CodeIgniter\Session\Handlers\FileHandler' driver.
INFO - 2023-02-22 04:59:21 --> Session: Class initialized using 'CodeIgniter\Session\Handlers\FileHandler' driver.
INFO - 2023-02-22 04:59:30 --> Session: Class initialized using 'CodeIgniter\Session\Handlers\FileHandler' driver.
INFO - 2023-02-22 05:00:48 --> Session: Class initialized using 'CodeIgniter\Session\Handlers\FileHandler' driver.
INFO - 2023-02-22 06:49:26 --> Session: Class initialized using 'CodeIgniter\Session\Handlers\FileHandler' driver.
INFO - 2023-02-22 07:48:42 --> Session: Class initialized using 'CodeIgniter\Session\Handlers\FileHandler' driver.
INFO - 2023-02-22 07:57:15 --> Session: Class initialized using 'CodeIgniter\Session\Handlers\FileHandler' driver.
INFO - 2023-02-22 07:57:20 --> Session: Class initialized using 'CodeIgniter\Session\Handlers\FileHandler' driver.
INFO - 2023-02-22 07:57:20 --> Session: Class initialized using 'CodeIgniter\Session\Handlers\FileHandler' driver.
ERROR - 2023-02-22 07:57:25 --> mysqli_sql_exception: Duplicate entry '' for key 'Index 2' in C:\xampp\htdocs\template\MASTER\CI4_L3\system\Database\MySQLi\Connection.php:295
Stack trace:
#0 C:\xampp\htdocs\template\MASTER\CI4_L3\system\Database\MySQLi\Connection.php(295): mysqli->query('INSERT INTO `ma...', 0)
#1 C:\xampp\htdocs\template\MASTER\CI4_L3\system\Database\BaseConnection.php(691): CodeIgniter\Database\MySQLi\Connection->execute('INSERT INTO `ma...')
#2 C:\xampp\htdocs\template\MASTER\CI4_L3\system\Database\BaseConnection.php(605): CodeIgniter\Database\BaseConnection->simpleQuery('INSERT INTO `ma...')
#3 C:\xampp\htdocs\template\MASTER\CI4_L3\system\Database\BaseBuilder.php(2295): CodeIgniter\Database\BaseConnection->query('INSERT INTO `ma...', Array, false)
#4 C:\xampp\htdocs\template\MASTER\CI4_L3\app\Models\MahasiswaModel.php(27): CodeIgniter\Database\BaseBuilder->insert(Array)
#5 C:\xampp\htdocs\template\MASTER\CI4_L3\app\Controllers\Mahasiswa.php(65): App\Models\MahasiswaModel->saveMhs(Array)
#6 C:\xampp\htdocs\template\MASTER\CI4_L3\system\CodeIgniter.php(934): App\Controllers\Mahasiswa->create()
#7 C:\xampp\htdocs\template\MASTER\CI4_L3\system\CodeIgniter.php(499): CodeIgniter\CodeIgniter->runController(Object(App\Controllers\Mahasiswa))
#8 C:\xampp\htdocs\template\MASTER\CI4_L3\system\CodeIgniter.php(368): CodeIgniter\CodeIgniter->handleRequest(NULL, Object(Config\Cache), false)
#9 C:\xampp\htdocs\template\MASTER\CI4_L3\public\index.php(67): CodeIgniter\CodeIgniter->run()
#10 C:\xampp\htdocs\template\MASTER\CI4_L3\system\Commands\Server\rewrite.php(47): require_once('C:\\xampp\\htdocs...')
#11 {main}
CRITICAL - 2023-02-22 07:57:25 --> Duplicate entry '' for key 'Index 2'
in SYSTEMPATH\Database\BaseConnection.php on line 645.
 1 SYSTEMPATH\Database\BaseBuilder.php(2295): CodeIgniter\Database\BaseConnection->query('INSERT INTO `mahasiswa` (`nik`, `nama`, `email`, `handphone`) VALUES (:nik:, :nama:, :email:, :handphone:)', [...], false)
 2 APPPATH\Models\MahasiswaModel.php(27): CodeIgniter\Database\BaseBuilder->insert([...])
 3 APPPATH\Controllers\Mahasiswa.php(65): App\Models\MahasiswaModel->saveMhs([...])
 4 SYSTEMPATH\CodeIgniter.php(934): App\Controllers\Mahasiswa->create()
 5 SYSTEMPATH\CodeIgniter.php(499): CodeIgniter\CodeIgniter->runController(Object(App\Controllers\Mahasiswa))
 6 SYSTEMPATH\CodeIgniter.php(368): CodeIgniter\CodeIgniter->handleRequest(null, Object(Config\Cache), false)
 7 FCPATH\index.php(67): CodeIgniter\CodeIgniter->run()
 8 SYSTEMPATH\Commands\Server\rewrite.php(47): require_once('FCPATH\\index.php')
INFO - 2023-02-22 07:57:25 --> Session: Class initialized using 'CodeIgniter\Session\Handlers\FileHandler' driver.
CRITICAL - 2023-02-22 07:58:23 --> Cannot use object of type stdClass as array
in APPPATH\Views\mainmenu\mahasiswaview.php on line 24.
 1 SYSTEMPATH\View\View.php(213): include()
 2 SYSTEMPATH\View\View.php(216): CodeIgniter\View\View->CodeIgniter\View\{closure}()
 3 SYSTEMPATH\Common.php(1177): CodeIgniter\View\View->render('/mainmenu/mahasiswaview', [], true)
 4 APPPATH\Controllers\Mahasiswa.php(38): view('/mainmenu/mahasiswaview', [...])
 5 SYSTEMPATH\CodeIgniter.php(934): App\Controllers\Mahasiswa->show('60')
 6 SYSTEMPATH\CodeIgniter.php(499): CodeIgniter\CodeIgniter->runController(Object(App\Controllers\Mahasiswa))
 7 SYSTEMPATH\CodeIgniter.php(368): CodeIgniter\CodeIgniter->handleRequest(null, Object(Config\Cache), false)
 8 FCPATH\index.php(67): CodeIgniter\CodeIgniter->run()
 9 SYSTEMPATH\Commands\Server\rewrite.php(47): require_once('FCPATH\\index.php')
CRITICAL - 2023-02-22 07:59:16 --> Undefined property: stdClass::$hanphone
in APPPATH\Views\mainmenu\mahasiswaview.php on line 36.
 1 APPPATH\Views\mainmenu\mahasiswaview.php(36): CodeIgniter\Debug\Exceptions->errorHandler(2, 'Undefined property: stdClass::$hanphone', 'APPPATH\\Views\\mainmenu\\mahasiswaview.php', 36)
 2 SYSTEMPATH\View\View.php(213): include('APPPATH\\Views\\mainmenu\\mahasiswaview.php')
 3 SYSTEMPATH\View\View.php(216): CodeIgniter\View\View->CodeIgniter\View\{closure}()
 4 SYSTEMPATH\Common.php(1177): CodeIgniter\View\View->render('/mainmenu/mahasiswaview', [], true)
 5 APPPATH\Controllers\Mahasiswa.php(38): view('/mainmenu/mahasiswaview', [...])
 6 SYSTEMPATH\CodeIgniter.php(934): App\Controllers\Mahasiswa->show('60')
 7 SYSTEMPATH\CodeIgniter.php(499): CodeIgniter\CodeIgniter->runController(Object(App\Controllers\Mahasiswa))
 8 SYSTEMPATH\CodeIgniter.php(368): CodeIgniter\CodeIgniter->handleRequest(null, Object(Config\Cache), false)
 9 FCPATH\index.php(67): CodeIgniter\CodeIgniter->run()
10 SYSTEMPATH\Commands\Server\rewrite.php(47): require_once('FCPATH\\index.php')
INFO - 2023-02-22 08:05:55 --> Session: Class initialized using 'CodeIgniter\Session\Handlers\FileHandler' driver.
INFO - 2023-02-22 08:05:59 --> Session: Class initialized using 'CodeIgniter\Session\Handlers\FileHandler' driver.
INFO - 2023-02-22 08:05:59 --> Session: Class initialized using 'CodeIgniter\Session\Handlers\FileHandler' driver.
ERROR - 2023-02-22 08:06:07 --> mysqli_sql_exception: Duplicate entry '' for key 'Index 2' in C:\xampp\htdocs\template\MASTER\CI4_L3\system\Database\MySQLi\Connection.php:295
Stack trace:
#0 C:\xampp\htdocs\template\MASTER\CI4_L3\system\Database\MySQLi\Connection.php(295): mysqli->query('INSERT INTO `ma...', 0)
#1 C:\xampp\htdocs\template\MASTER\CI4_L3\system\Database\BaseConnection.php(691): CodeIgniter\Database\MySQLi\Connection->execute('INSERT INTO `ma...')
#2 C:\xampp\htdocs\template\MASTER\CI4_L3\system\Database\BaseConnection.php(605): CodeIgniter\Database\BaseConnection->simpleQuery('INSERT INTO `ma...')
#3 C:\xampp\htdocs\template\MASTER\CI4_L3\system\Database\BaseBuilder.php(2295): CodeIgniter\Database\BaseConnection->query('INSERT INTO `ma...', Array, false)
#4 C:\xampp\htdocs\template\MASTER\CI4_L3\app\Models\MahasiswaModel.php(27): CodeIgniter\Database\BaseBuilder->insert(Array)
#5 C:\xampp\htdocs\template\MASTER\CI4_L3\app\Controllers\Mahasiswa.php(65): App\Models\MahasiswaModel->saveMhs(Array)
#6 C:\xampp\htdocs\template\MASTER\CI4_L3\system\CodeIgniter.php(934): App\Controllers\Mahasiswa->create()
#7 C:\xampp\htdocs\template\MASTER\CI4_L3\system\CodeIgniter.php(499): CodeIgniter\CodeIgniter->runController(Object(App\Controllers\Mahasiswa))
#8 C:\xampp\htdocs\template\MASTER\CI4_L3\system\CodeIgniter.php(368): CodeIgniter\CodeIgniter->handleRequest(NULL, Object(Config\Cache), false)
#9 C:\xampp\htdocs\template\MASTER\CI4_L3\public\index.php(67): CodeIgniter\CodeIgniter->run()
#10 C:\xampp\htdocs\template\MASTER\CI4_L3\system\Commands\Server\rewrite.php(47): require_once('C:\\xampp\\htdocs...')
#11 {main}
CRITICAL - 2023-02-22 08:06:07 --> Duplicate entry '' for key 'Index 2'
in SYSTEMPATH\Database\BaseConnection.php on line 645.
 1 SYSTEMPATH\Database\BaseBuilder.php(2295): CodeIgniter\Database\BaseConnection->query('INSERT INTO `mahasiswa` (`nik`, `nama`, `email`, `handphone`) VALUES (:nik:, :nama:, :email:, :handphone:)', [...], false)
 2 APPPATH\Models\MahasiswaModel.php(27): CodeIgniter\Database\BaseBuilder->insert([...])
 3 APPPATH\Controllers\Mahasiswa.php(65): App\Models\MahasiswaModel->saveMhs([...])
 4 SYSTEMPATH\CodeIgniter.php(934): App\Controllers\Mahasiswa->create()
 5 SYSTEMPATH\CodeIgniter.php(499): CodeIgniter\CodeIgniter->runController(Object(App\Controllers\Mahasiswa))
 6 SYSTEMPATH\CodeIgniter.php(368): CodeIgniter\CodeIgniter->handleRequest(null, Object(Config\Cache), false)
 7 FCPATH\index.php(67): CodeIgniter\CodeIgniter->run()
 8 SYSTEMPATH\Commands\Server\rewrite.php(47): require_once('FCPATH\\index.php')
INFO - 2023-02-22 08:06:07 --> Session: Class initialized using 'CodeIgniter\Session\Handlers\FileHandler' driver.
INFO - 2023-02-22 08:06:14 --> Session: Class initialized using 'CodeIgniter\Session\Handlers\FileHandler' driver.
INFO - 2023-02-22 08:06:18 --> Session: Class initialized using 'CodeIgniter\Session\Handlers\FileHandler' driver.
INFO - 2023-02-22 08:06:18 --> Session: Class initialized using 'CodeIgniter\Session\Handlers\FileHandler' driver.
INFO - 2023-02-22 08:07:45 --> Session: Class initialized using 'CodeIgniter\Session\Handlers\FileHandler' driver.
INFO - 2023-02-22 08:07:49 --> Session: Class initialized using 'CodeIgniter\Session\Handlers\FileHandler' driver.
INFO - 2023-02-22 08:07:53 --> Session: Class initialized using 'CodeIgniter\Session\Handlers\FileHandler' driver.
INFO - 2023-02-22 08:07:58 --> Session: Class initialized using 'CodeIgniter\Session\Handlers\FileHandler' driver.
INFO - 2023-02-22 08:08:02 --> Session: Class initialized using 'CodeIgniter\Session\Handlers\FileHandler' driver.
INFO - 2023-02-22 08:08:08 --> Session: Class initialized using 'CodeIgniter\Session\Handlers\FileHandler' driver.
INFO - 2023-02-22 08:08:40 --> Session: Class initialized using 'CodeIgniter\Session\Handlers\FileHandler' driver.
INFO - 2023-02-22 08:12:17 --> Session: Class initialized using 'CodeIgniter\Session\Handlers\FileHandler' driver.
INFO - 2023-02-22 08:12:21 --> Session: Class initialized using 'CodeIgniter\Session\Handlers\FileHandler' driver.
INFO - 2023-02-22 11:57:31 --> Session: Class initialized using 'CodeIgniter\Session\Handlers\FileHandler' driver.
INFO - 2023-02-22 12:02:31 --> Session: Class initialized using 'CodeIgniter\Session\Handlers\FileHandler' driver.
INFO - 2023-02-22 12:02:44 --> Session: Class initialized using 'CodeIgniter\Session\Handlers\FileHandler' driver.
INFO - 2023-02-22 12:50:11 --> Session: Class initialized using 'CodeIgniter\Session\Handlers\FileHandler' driver.
CRITICAL - 2023-02-22 12:50:15 --> Invalid file: "/mainmenu/mahasiswaedit.php"
in SYSTEMPATH\Exceptions\FrameworkException.php on line 33.
 1 SYSTEMPATH\View\View.php(201): CodeIgniter\Exceptions\FrameworkException::forInvalidFile('/mainmenu/mahasiswaedit.php')
 2 SYSTEMPATH\Common.php(1177): CodeIgniter\View\View->render('/mainmenu/mahasiswaedit', [], true)
 3 APPPATH\Controllers\Mahasiswa.php(81): view('/mainmenu/mahasiswaedit', [...])
 4 SYSTEMPATH\CodeIgniter.php(934): App\Controllers\Mahasiswa->edit('60')
 5 SYSTEMPATH\CodeIgniter.php(499): CodeIgniter\CodeIgniter->runController(Object(App\Controllers\Mahasiswa))
 6 SYSTEMPATH\CodeIgniter.php(368): CodeIgniter\CodeIgniter->handleRequest(null, Object(Config\Cache), false)
 7 FCPATH\index.php(67): CodeIgniter\CodeIgniter->run()
 8 SYSTEMPATH\Commands\Server\rewrite.php(47): require_once('FCPATH\\index.php')
