INFO - 2023-02-24 01:59:01 --> Session: Class initialized using 'CodeIgniter\Session\Handlers\FileHandler' driver.
ERROR - 2023-02-24 02:22:58 --> mysqli_sql_exception: Unknown column 'aktis' in 'field list' in C:\xampp\htdocs\template\MASTER\CI4_L3\system\Database\MySQLi\Connection.php:295
Stack trace:
#0 C:\xampp\htdocs\template\MASTER\CI4_L3\system\Database\MySQLi\Connection.php(295): mysqli->query('INSERT INTO `ju...', 0)
#1 C:\xampp\htdocs\template\MASTER\CI4_L3\system\Database\BaseConnection.php(691): CodeIgniter\Database\MySQLi\Connection->execute('INSERT INTO `ju...')
#2 C:\xampp\htdocs\template\MASTER\CI4_L3\system\Database\BaseConnection.php(605): CodeIgniter\Database\BaseConnection->simpleQuery('INSERT INTO `ju...')
#3 C:\xampp\htdocs\template\MASTER\CI4_L3\system\Database\BaseBuilder.php(2295): CodeIgniter\Database\BaseConnection->query('INSERT INTO `ju...', Array, false)
#4 C:\xampp\htdocs\template\MASTER\CI4_L3\app\Models\JurusanModel.php(27): CodeIgniter\Database\BaseBuilder->insert(Array)
#5 C:\xampp\htdocs\template\MASTER\CI4_L3\app\Controllers\Jurusan.php(64): App\Models\JurusanModel->saveJrs(Array)
#6 C:\xampp\htdocs\template\MASTER\CI4_L3\system\CodeIgniter.php(934): App\Controllers\Jurusan->create()
#7 C:\xampp\htdocs\template\MASTER\CI4_L3\system\CodeIgniter.php(499): CodeIgniter\CodeIgniter->runController(Object(App\Controllers\Jurusan))
#8 C:\xampp\htdocs\template\MASTER\CI4_L3\system\CodeIgniter.php(368): CodeIgniter\CodeIgniter->handleRequest(NULL, Object(Config\Cache), false)
#9 C:\xampp\htdocs\template\MASTER\CI4_L3\public\index.php(67): CodeIgniter\CodeIgniter->run()
#10 C:\xampp\htdocs\template\MASTER\CI4_L3\system\Commands\Server\rewrite.php(47): require_once('C:\\xampp\\htdocs...')
#11 {main}
CRITICAL - 2023-02-24 02:22:58 --> Unknown column 'aktis' in 'field list'
in SYSTEMPATH\Database\BaseConnection.php on line 645.
 1 SYSTEMPATH\Database\BaseBuilder.php(2295): CodeIgniter\Database\BaseConnection->query('INSERT INTO `jurusan` (`nama`, `aktis`) VALUES (:nama:, :aktis:)', [...], false)
 2 APPPATH\Models\JurusanModel.php(27): CodeIgniter\Database\BaseBuilder->insert([...])
 3 APPPATH\Controllers\Jurusan.php(64): App\Models\JurusanModel->saveJrs([...])
 4 SYSTEMPATH\CodeIgniter.php(934): App\Controllers\Jurusan->create()
 5 SYSTEMPATH\CodeIgniter.php(499): CodeIgniter\CodeIgniter->runController(Object(App\Controllers\Jurusan))
 6 SYSTEMPATH\CodeIgniter.php(368): CodeIgniter\CodeIgniter->handleRequest(null, Object(Config\Cache), false)
 7 FCPATH\index.php(67): CodeIgniter\CodeIgniter->run()
 8 SYSTEMPATH\Commands\Server\rewrite.php(47): require_once('FCPATH\\index.php')
ERROR - 2023-02-24 02:29:34 --> mysqli_sql_exception: Unknown column 'aktis' in 'field list' in C:\xampp\htdocs\template\MASTER\CI4_L3\system\Database\MySQLi\Connection.php:295
Stack trace:
#0 C:\xampp\htdocs\template\MASTER\CI4_L3\system\Database\MySQLi\Connection.php(295): mysqli->query('INSERT INTO `ju...', 0)
#1 C:\xampp\htdocs\template\MASTER\CI4_L3\system\Database\BaseConnection.php(691): CodeIgniter\Database\MySQLi\Connection->execute('INSERT INTO `ju...')
#2 C:\xampp\htdocs\template\MASTER\CI4_L3\system\Database\BaseConnection.php(605): CodeIgniter\Database\BaseConnection->simpleQuery('INSERT INTO `ju...')
#3 C:\xampp\htdocs\template\MASTER\CI4_L3\system\Database\BaseBuilder.php(2295): CodeIgniter\Database\BaseConnection->query('INSERT INTO `ju...', Array, false)
#4 C:\xampp\htdocs\template\MASTER\CI4_L3\app\Models\JurusanModel.php(27): CodeIgniter\Database\BaseBuilder->insert(Array)
#5 C:\xampp\htdocs\template\MASTER\CI4_L3\app\Controllers\Jurusan.php(64): App\Models\JurusanModel->saveJrs(Array)
#6 C:\xampp\htdocs\template\MASTER\CI4_L3\system\CodeIgniter.php(934): App\Controllers\Jurusan->create()
#7 C:\xampp\htdocs\template\MASTER\CI4_L3\system\CodeIgniter.php(499): CodeIgniter\CodeIgniter->runController(Object(App\Controllers\Jurusan))
#8 C:\xampp\htdocs\template\MASTER\CI4_L3\system\CodeIgniter.php(368): CodeIgniter\CodeIgniter->handleRequest(NULL, Object(Config\Cache), false)
#9 C:\xampp\htdocs\template\MASTER\CI4_L3\public\index.php(67): CodeIgniter\CodeIgniter->run()
#10 C:\xampp\htdocs\template\MASTER\CI4_L3\system\Commands\Server\rewrite.php(47): require_once('C:\\xampp\\htdocs...')
#11 {main}
CRITICAL - 2023-02-24 02:29:34 --> Unknown column 'aktis' in 'field list'
in SYSTEMPATH\Database\BaseConnection.php on line 645.
 1 SYSTEMPATH\Database\BaseBuilder.php(2295): CodeIgniter\Database\BaseConnection->query('INSERT INTO `jurusan` (`nama`, `aktis`) VALUES (:nama:, :aktis:)', [...], false)
 2 APPPATH\Models\JurusanModel.php(27): CodeIgniter\Database\BaseBuilder->insert([...])
 3 APPPATH\Controllers\Jurusan.php(64): App\Models\JurusanModel->saveJrs([...])
 4 SYSTEMPATH\CodeIgniter.php(934): App\Controllers\Jurusan->create()
 5 SYSTEMPATH\CodeIgniter.php(499): CodeIgniter\CodeIgniter->runController(Object(App\Controllers\Jurusan))
 6 SYSTEMPATH\CodeIgniter.php(368): CodeIgniter\CodeIgniter->handleRequest(null, Object(Config\Cache), false)
 7 FCPATH\index.php(67): CodeIgniter\CodeIgniter->run()
 8 SYSTEMPATH\Commands\Server\rewrite.php(47): require_once('FCPATH\\index.php')
ERROR - 2023-02-24 02:30:07 --> mysqli_sql_exception: Unknown column 'aktis' in 'field list' in C:\xampp\htdocs\template\MASTER\CI4_L3\system\Database\MySQLi\Connection.php:295
Stack trace:
#0 C:\xampp\htdocs\template\MASTER\CI4_L3\system\Database\MySQLi\Connection.php(295): mysqli->query('INSERT INTO `ju...', 0)
#1 C:\xampp\htdocs\template\MASTER\CI4_L3\system\Database\BaseConnection.php(691): CodeIgniter\Database\MySQLi\Connection->execute('INSERT INTO `ju...')
#2 C:\xampp\htdocs\template\MASTER\CI4_L3\system\Database\BaseConnection.php(605): CodeIgniter\Database\BaseConnection->simpleQuery('INSERT INTO `ju...')
#3 C:\xampp\htdocs\template\MASTER\CI4_L3\system\Database\BaseBuilder.php(2295): CodeIgniter\Database\BaseConnection->query('INSERT INTO `ju...', Array, false)
#4 C:\xampp\htdocs\template\MASTER\CI4_L3\app\Models\JurusanModel.php(27): CodeIgniter\Database\BaseBuilder->insert(Array)
#5 C:\xampp\htdocs\template\MASTER\CI4_L3\app\Controllers\Jurusan.php(64): App\Models\JurusanModel->saveJrs(Array)
#6 C:\xampp\htdocs\template\MASTER\CI4_L3\system\CodeIgniter.php(934): App\Controllers\Jurusan->create()
#7 C:\xampp\htdocs\template\MASTER\CI4_L3\system\CodeIgniter.php(499): CodeIgniter\CodeIgniter->runController(Object(App\Controllers\Jurusan))
#8 C:\xampp\htdocs\template\MASTER\CI4_L3\system\CodeIgniter.php(368): CodeIgniter\CodeIgniter->handleRequest(NULL, Object(Config\Cache), false)
#9 C:\xampp\htdocs\template\MASTER\CI4_L3\public\index.php(67): CodeIgniter\CodeIgniter->run()
#10 C:\xampp\htdocs\template\MASTER\CI4_L3\system\Commands\Server\rewrite.php(47): require_once('C:\\xampp\\htdocs...')
#11 {main}
CRITICAL - 2023-02-24 02:30:07 --> Unknown column 'aktis' in 'field list'
in SYSTEMPATH\Database\BaseConnection.php on line 645.
 1 SYSTEMPATH\Database\BaseBuilder.php(2295): CodeIgniter\Database\BaseConnection->query('INSERT INTO `jurusan` (`nama`, `aktis`) VALUES (:nama:, :aktis:)', [...], false)
 2 APPPATH\Models\JurusanModel.php(27): CodeIgniter\Database\BaseBuilder->insert([...])
 3 APPPATH\Controllers\Jurusan.php(64): App\Models\JurusanModel->saveJrs([...])
 4 SYSTEMPATH\CodeIgniter.php(934): App\Controllers\Jurusan->create()
 5 SYSTEMPATH\CodeIgniter.php(499): CodeIgniter\CodeIgniter->runController(Object(App\Controllers\Jurusan))
 6 SYSTEMPATH\CodeIgniter.php(368): CodeIgniter\CodeIgniter->handleRequest(null, Object(Config\Cache), false)
 7 FCPATH\index.php(67): CodeIgniter\CodeIgniter->run()
 8 SYSTEMPATH\Commands\Server\rewrite.php(47): require_once('FCPATH\\index.php')
ERROR - 2023-02-24 02:30:53 --> mysqli_sql_exception: Unknown column 'aktis' in 'field list' in C:\xampp\htdocs\template\MASTER\CI4_L3\system\Database\MySQLi\Connection.php:295
Stack trace:
#0 C:\xampp\htdocs\template\MASTER\CI4_L3\system\Database\MySQLi\Connection.php(295): mysqli->query('INSERT INTO `ju...', 0)
#1 C:\xampp\htdocs\template\MASTER\CI4_L3\system\Database\BaseConnection.php(691): CodeIgniter\Database\MySQLi\Connection->execute('INSERT INTO `ju...')
#2 C:\xampp\htdocs\template\MASTER\CI4_L3\system\Database\BaseConnection.php(605): CodeIgniter\Database\BaseConnection->simpleQuery('INSERT INTO `ju...')
#3 C:\xampp\htdocs\template\MASTER\CI4_L3\system\Database\BaseBuilder.php(2295): CodeIgniter\Database\BaseConnection->query('INSERT INTO `ju...', Array, false)
#4 C:\xampp\htdocs\template\MASTER\CI4_L3\app\Models\JurusanModel.php(27): CodeIgniter\Database\BaseBuilder->insert(Array)
#5 C:\xampp\htdocs\template\MASTER\CI4_L3\app\Controllers\Jurusan.php(64): App\Models\JurusanModel->saveJrs(Array)
#6 C:\xampp\htdocs\template\MASTER\CI4_L3\system\CodeIgniter.php(934): App\Controllers\Jurusan->create()
#7 C:\xampp\htdocs\template\MASTER\CI4_L3\system\CodeIgniter.php(499): CodeIgniter\CodeIgniter->runController(Object(App\Controllers\Jurusan))
#8 C:\xampp\htdocs\template\MASTER\CI4_L3\system\CodeIgniter.php(368): CodeIgniter\CodeIgniter->handleRequest(NULL, Object(Config\Cache), false)
#9 C:\xampp\htdocs\template\MASTER\CI4_L3\public\index.php(67): CodeIgniter\CodeIgniter->run()
#10 C:\xampp\htdocs\template\MASTER\CI4_L3\system\Commands\Server\rewrite.php(47): require_once('C:\\xampp\\htdocs...')
#11 {main}
CRITICAL - 2023-02-24 02:30:53 --> Unknown column 'aktis' in 'field list'
in SYSTEMPATH\Database\BaseConnection.php on line 645.
 1 SYSTEMPATH\Database\BaseBuilder.php(2295): CodeIgniter\Database\BaseConnection->query('INSERT INTO `jurusan` (`nama`, `aktis`) VALUES (:nama:, :aktis:)', [...], false)
 2 APPPATH\Models\JurusanModel.php(27): CodeIgniter\Database\BaseBuilder->insert([...])
 3 APPPATH\Controllers\Jurusan.php(64): App\Models\JurusanModel->saveJrs([...])
 4 SYSTEMPATH\CodeIgniter.php(934): App\Controllers\Jurusan->create()
 5 SYSTEMPATH\CodeIgniter.php(499): CodeIgniter\CodeIgniter->runController(Object(App\Controllers\Jurusan))
 6 SYSTEMPATH\CodeIgniter.php(368): CodeIgniter\CodeIgniter->handleRequest(null, Object(Config\Cache), false)
 7 FCPATH\index.php(67): CodeIgniter\CodeIgniter->run()
 8 SYSTEMPATH\Commands\Server\rewrite.php(47): require_once('FCPATH\\index.php')
ERROR - 2023-02-24 02:30:57 --> mysqli_sql_exception: Unknown column 'aktis' in 'field list' in C:\xampp\htdocs\template\MASTER\CI4_L3\system\Database\MySQLi\Connection.php:295
Stack trace:
#0 C:\xampp\htdocs\template\MASTER\CI4_L3\system\Database\MySQLi\Connection.php(295): mysqli->query('INSERT INTO `ju...', 0)
#1 C:\xampp\htdocs\template\MASTER\CI4_L3\system\Database\BaseConnection.php(691): CodeIgniter\Database\MySQLi\Connection->execute('INSERT INTO `ju...')
#2 C:\xampp\htdocs\template\MASTER\CI4_L3\system\Database\BaseConnection.php(605): CodeIgniter\Database\BaseConnection->simpleQuery('INSERT INTO `ju...')
#3 C:\xampp\htdocs\template\MASTER\CI4_L3\system\Database\BaseBuilder.php(2295): CodeIgniter\Database\BaseConnection->query('INSERT INTO `ju...', Array, false)
#4 C:\xampp\htdocs\template\MASTER\CI4_L3\app\Models\JurusanModel.php(27): CodeIgniter\Database\BaseBuilder->insert(Array)
#5 C:\xampp\htdocs\template\MASTER\CI4_L3\app\Controllers\Jurusan.php(64): App\Models\JurusanModel->saveJrs(Array)
#6 C:\xampp\htdocs\template\MASTER\CI4_L3\system\CodeIgniter.php(934): App\Controllers\Jurusan->create()
#7 C:\xampp\htdocs\template\MASTER\CI4_L3\system\CodeIgniter.php(499): CodeIgniter\CodeIgniter->runController(Object(App\Controllers\Jurusan))
#8 C:\xampp\htdocs\template\MASTER\CI4_L3\system\CodeIgniter.php(368): CodeIgniter\CodeIgniter->handleRequest(NULL, Object(Config\Cache), false)
#9 C:\xampp\htdocs\template\MASTER\CI4_L3\public\index.php(67): CodeIgniter\CodeIgniter->run()
#10 C:\xampp\htdocs\template\MASTER\CI4_L3\system\Commands\Server\rewrite.php(47): require_once('C:\\xampp\\htdocs...')
#11 {main}
CRITICAL - 2023-02-24 02:30:57 --> Unknown column 'aktis' in 'field list'
in SYSTEMPATH\Database\BaseConnection.php on line 645.
 1 SYSTEMPATH\Database\BaseBuilder.php(2295): CodeIgniter\Database\BaseConnection->query('INSERT INTO `jurusan` (`nama`, `aktis`) VALUES (:nama:, :aktis:)', [...], false)
 2 APPPATH\Models\JurusanModel.php(27): CodeIgniter\Database\BaseBuilder->insert([...])
 3 APPPATH\Controllers\Jurusan.php(64): App\Models\JurusanModel->saveJrs([...])
 4 SYSTEMPATH\CodeIgniter.php(934): App\Controllers\Jurusan->create()
 5 SYSTEMPATH\CodeIgniter.php(499): CodeIgniter\CodeIgniter->runController(Object(App\Controllers\Jurusan))
 6 SYSTEMPATH\CodeIgniter.php(368): CodeIgniter\CodeIgniter->handleRequest(null, Object(Config\Cache), false)
 7 FCPATH\index.php(67): CodeIgniter\CodeIgniter->run()
 8 SYSTEMPATH\Commands\Server\rewrite.php(47): require_once('FCPATH\\index.php')
ERROR - 2023-02-24 02:31:24 --> mysqli_sql_exception: Unknown column 'aktis' in 'field list' in C:\xampp\htdocs\template\MASTER\CI4_L3\system\Database\MySQLi\Connection.php:295
Stack trace:
#0 C:\xampp\htdocs\template\MASTER\CI4_L3\system\Database\MySQLi\Connection.php(295): mysqli->query('INSERT INTO `ju...', 0)
#1 C:\xampp\htdocs\template\MASTER\CI4_L3\system\Database\BaseConnection.php(691): CodeIgniter\Database\MySQLi\Connection->execute('INSERT INTO `ju...')
#2 C:\xampp\htdocs\template\MASTER\CI4_L3\system\Database\BaseConnection.php(605): CodeIgniter\Database\BaseConnection->simpleQuery('INSERT INTO `ju...')
#3 C:\xampp\htdocs\template\MASTER\CI4_L3\system\Database\BaseBuilder.php(2295): CodeIgniter\Database\BaseConnection->query('INSERT INTO `ju...', Array, false)
#4 C:\xampp\htdocs\template\MASTER\CI4_L3\app\Models\JurusanModel.php(27): CodeIgniter\Database\BaseBuilder->insert(Array)
#5 C:\xampp\htdocs\template\MASTER\CI4_L3\app\Controllers\Jurusan.php(64): App\Models\JurusanModel->saveJrs(Array)
#6 C:\xampp\htdocs\template\MASTER\CI4_L3\system\CodeIgniter.php(934): App\Controllers\Jurusan->create()
#7 C:\xampp\htdocs\template\MASTER\CI4_L3\system\CodeIgniter.php(499): CodeIgniter\CodeIgniter->runController(Object(App\Controllers\Jurusan))
#8 C:\xampp\htdocs\template\MASTER\CI4_L3\system\CodeIgniter.php(368): CodeIgniter\CodeIgniter->handleRequest(NULL, Object(Config\Cache), false)
#9 C:\xampp\htdocs\template\MASTER\CI4_L3\public\index.php(67): CodeIgniter\CodeIgniter->run()
#10 C:\xampp\htdocs\template\MASTER\CI4_L3\system\Commands\Server\rewrite.php(47): require_once('C:\\xampp\\htdocs...')
#11 {main}
CRITICAL - 2023-02-24 02:31:24 --> Unknown column 'aktis' in 'field list'
in SYSTEMPATH\Database\BaseConnection.php on line 645.
 1 SYSTEMPATH\Database\BaseBuilder.php(2295): CodeIgniter\Database\BaseConnection->query('INSERT INTO `jurusan` (`nama`, `aktis`) VALUES (:nama:, :aktis:)', [...], false)
 2 APPPATH\Models\JurusanModel.php(27): CodeIgniter\Database\BaseBuilder->insert([...])
 3 APPPATH\Controllers\Jurusan.php(64): App\Models\JurusanModel->saveJrs([...])
 4 SYSTEMPATH\CodeIgniter.php(934): App\Controllers\Jurusan->create()
 5 SYSTEMPATH\CodeIgniter.php(499): CodeIgniter\CodeIgniter->runController(Object(App\Controllers\Jurusan))
 6 SYSTEMPATH\CodeIgniter.php(368): CodeIgniter\CodeIgniter->handleRequest(null, Object(Config\Cache), false)
 7 FCPATH\index.php(67): CodeIgniter\CodeIgniter->run()
 8 SYSTEMPATH\Commands\Server\rewrite.php(47): require_once('FCPATH\\index.php')
INFO - 2023-02-24 02:32:21 --> Session: Class initialized using 'CodeIgniter\Session\Handlers\FileHandler' driver.
CRITICAL - 2023-02-24 02:34:26 --> Undefined variable $datamhs
in APPPATH\Views\mainmenu\jurusanview.php on line 12.
 1 APPPATH\Views\mainmenu\jurusanview.php(12): CodeIgniter\Debug\Exceptions->errorHandler(2, 'Undefined variable $datamhs', 'APPPATH\\Views\\mainmenu\\jurusanview.php', 12)
 2 SYSTEMPATH\View\View.php(213): include('APPPATH\\Views\\mainmenu\\jurusanview.php')
 3 SYSTEMPATH\View\View.php(216): CodeIgniter\View\View->CodeIgniter\View\{closure}()
 4 SYSTEMPATH\Common.php(1177): CodeIgniter\View\View->render('/mainmenu/jurusanview', [], true)
 5 APPPATH\Controllers\Jurusan.php(40): view('/mainmenu/jurusanview', [...])
 6 SYSTEMPATH\CodeIgniter.php(934): App\Controllers\Jurusan->show('1')
 7 SYSTEMPATH\CodeIgniter.php(499): CodeIgniter\CodeIgniter->runController(Object(App\Controllers\Jurusan))
 8 SYSTEMPATH\CodeIgniter.php(368): CodeIgniter\CodeIgniter->handleRequest(null, Object(Config\Cache), false)
 9 FCPATH\index.php(67): CodeIgniter\CodeIgniter->run()
10 SYSTEMPATH\Commands\Server\rewrite.php(47): require_once('FCPATH\\index.php')
INFO - 2023-02-24 02:35:00 --> Session: Class initialized using 'CodeIgniter\Session\Handlers\FileHandler' driver.
CRITICAL - 2023-02-24 02:35:05 --> Undefined variable $datamhs
in APPPATH\Views\mainmenu\jurusanview.php on line 12.
 1 APPPATH\Views\mainmenu\jurusanview.php(12): CodeIgniter\Debug\Exceptions->errorHandler(2, 'Undefined variable $datamhs', 'APPPATH\\Views\\mainmenu\\jurusanview.php', 12)
 2 SYSTEMPATH\View\View.php(213): include('APPPATH\\Views\\mainmenu\\jurusanview.php')
 3 SYSTEMPATH\View\View.php(216): CodeIgniter\View\View->CodeIgniter\View\{closure}()
 4 SYSTEMPATH\Common.php(1177): CodeIgniter\View\View->render('/mainmenu/jurusanview', [], true)
 5 APPPATH\Controllers\Jurusan.php(40): view('/mainmenu/jurusanview', [...])
 6 SYSTEMPATH\CodeIgniter.php(934): App\Controllers\Jurusan->show('1')
 7 SYSTEMPATH\CodeIgniter.php(499): CodeIgniter\CodeIgniter->runController(Object(App\Controllers\Jurusan))
 8 SYSTEMPATH\CodeIgniter.php(368): CodeIgniter\CodeIgniter->handleRequest(null, Object(Config\Cache), false)
 9 FCPATH\index.php(67): CodeIgniter\CodeIgniter->run()
10 SYSTEMPATH\Commands\Server\rewrite.php(47): require_once('FCPATH\\index.php')
CRITICAL - 2023-02-24 02:35:54 --> Undefined property: stdClass::$handphone
in APPPATH\Views\mainmenu\jurusanview.php on line 16.
 1 APPPATH\Views\mainmenu\jurusanview.php(16): CodeIgniter\Debug\Exceptions->errorHandler(2, 'Undefined property: stdClass::$handphone', 'APPPATH\\Views\\mainmenu\\jurusanview.php', 16)
 2 SYSTEMPATH\View\View.php(213): include('APPPATH\\Views\\mainmenu\\jurusanview.php')
 3 SYSTEMPATH\View\View.php(216): CodeIgniter\View\View->CodeIgniter\View\{closure}()
 4 SYSTEMPATH\Common.php(1177): CodeIgniter\View\View->render('/mainmenu/jurusanview', [], true)
 5 APPPATH\Controllers\Jurusan.php(40): view('/mainmenu/jurusanview', [...])
 6 SYSTEMPATH\CodeIgniter.php(934): App\Controllers\Jurusan->show('2')
 7 SYSTEMPATH\CodeIgniter.php(499): CodeIgniter\CodeIgniter->runController(Object(App\Controllers\Jurusan))
 8 SYSTEMPATH\CodeIgniter.php(368): CodeIgniter\CodeIgniter->handleRequest(null, Object(Config\Cache), false)
 9 FCPATH\index.php(67): CodeIgniter\CodeIgniter->run()
10 SYSTEMPATH\Commands\Server\rewrite.php(47): require_once('FCPATH\\index.php')
CRITICAL - 2023-02-24 02:35:57 --> Undefined property: stdClass::$handphone
in APPPATH\Views\mainmenu\jurusanview.php on line 16.
 1 APPPATH\Views\mainmenu\jurusanview.php(16): CodeIgniter\Debug\Exceptions->errorHandler(2, 'Undefined property: stdClass::$handphone', 'APPPATH\\Views\\mainmenu\\jurusanview.php', 16)
 2 SYSTEMPATH\View\View.php(213): include('APPPATH\\Views\\mainmenu\\jurusanview.php')
 3 SYSTEMPATH\View\View.php(216): CodeIgniter\View\View->CodeIgniter\View\{closure}()
 4 SYSTEMPATH\Common.php(1177): CodeIgniter\View\View->render('/mainmenu/jurusanview', [], true)
 5 APPPATH\Controllers\Jurusan.php(40): view('/mainmenu/jurusanview', [...])
 6 SYSTEMPATH\CodeIgniter.php(934): App\Controllers\Jurusan->show('1')
 7 SYSTEMPATH\CodeIgniter.php(499): CodeIgniter\CodeIgniter->runController(Object(App\Controllers\Jurusan))
 8 SYSTEMPATH\CodeIgniter.php(368): CodeIgniter\CodeIgniter->handleRequest(null, Object(Config\Cache), false)
 9 FCPATH\index.php(67): CodeIgniter\CodeIgniter->run()
10 SYSTEMPATH\Commands\Server\rewrite.php(47): require_once('FCPATH\\index.php')
CRITICAL - 2023-02-24 02:37:08 --> Undefined property: stdClass::$handphone
in APPPATH\Views\mainmenu\jurusanview.php on line 16.
 1 APPPATH\Views\mainmenu\jurusanview.php(16): CodeIgniter\Debug\Exceptions->errorHandler(2, 'Undefined property: stdClass::$handphone', 'APPPATH\\Views\\mainmenu\\jurusanview.php', 16)
 2 SYSTEMPATH\View\View.php(213): include('APPPATH\\Views\\mainmenu\\jurusanview.php')
 3 SYSTEMPATH\View\View.php(216): CodeIgniter\View\View->CodeIgniter\View\{closure}()
 4 SYSTEMPATH\Common.php(1177): CodeIgniter\View\View->render('mainmenu/jurusanview', [], true)
 5 APPPATH\Controllers\Jurusan.php(40): view('mainmenu/jurusanview', [...])
 6 SYSTEMPATH\CodeIgniter.php(934): App\Controllers\Jurusan->show('2')
 7 SYSTEMPATH\CodeIgniter.php(499): CodeIgniter\CodeIgniter->runController(Object(App\Controllers\Jurusan))
 8 SYSTEMPATH\CodeIgniter.php(368): CodeIgniter\CodeIgniter->handleRequest(null, Object(Config\Cache), false)
 9 FCPATH\index.php(67): CodeIgniter\CodeIgniter->run()
10 SYSTEMPATH\Commands\Server\rewrite.php(47): require_once('FCPATH\\index.php')
CRITICAL - 2023-02-24 02:38:09 --> Undefined variable $datamhs
in APPPATH\Views\mainmenu\jurusanedit.php on line 8.
 1 APPPATH\Views\mainmenu\jurusanedit.php(8): CodeIgniter\Debug\Exceptions->errorHandler(2, 'Undefined variable $datamhs', 'APPPATH\\Views\\mainmenu\\jurusanedit.php', 8)
 2 SYSTEMPATH\View\View.php(213): include('APPPATH\\Views\\mainmenu\\jurusanedit.php')
 3 SYSTEMPATH\View\View.php(216): CodeIgniter\View\View->CodeIgniter\View\{closure}()
 4 SYSTEMPATH\Common.php(1177): CodeIgniter\View\View->render('/mainmenu/jurusanedit', [], true)
 5 APPPATH\Controllers\Jurusan.php(78): view('/mainmenu/jurusanedit', [...])
 6 SYSTEMPATH\CodeIgniter.php(934): App\Controllers\Jurusan->edit('2')
 7 SYSTEMPATH\CodeIgniter.php(499): CodeIgniter\CodeIgniter->runController(Object(App\Controllers\Jurusan))
 8 SYSTEMPATH\CodeIgniter.php(368): CodeIgniter\CodeIgniter->handleRequest(null, Object(Config\Cache), false)
 9 FCPATH\index.php(67): CodeIgniter\CodeIgniter->run()
10 SYSTEMPATH\Commands\Server\rewrite.php(47): require_once('FCPATH\\index.php')
INFO - 2023-02-24 02:40:17 --> Session: Class initialized using 'CodeIgniter\Session\Handlers\FileHandler' driver.
INFO - 2023-02-24 02:40:24 --> Session: Class initialized using 'CodeIgniter\Session\Handlers\FileHandler' driver.
CRITICAL - 2023-02-24 02:41:30 --> Undefined variable $datamhs
in APPPATH\Views\mainmenu\jurusanview.php on line 10.
 1 APPPATH\Views\mainmenu\jurusanview.php(10): CodeIgniter\Debug\Exceptions->errorHandler(2, 'Undefined variable $datamhs', 'APPPATH\\Views\\mainmenu\\jurusanview.php', 10)
 2 SYSTEMPATH\View\View.php(213): include('APPPATH\\Views\\mainmenu\\jurusanview.php')
 3 SYSTEMPATH\View\View.php(216): CodeIgniter\View\View->CodeIgniter\View\{closure}()
 4 SYSTEMPATH\Common.php(1177): CodeIgniter\View\View->render('mainmenu/jurusanview', [], true)
 5 APPPATH\Controllers\Jurusan.php(40): view('mainmenu/jurusanview', [...])
 6 SYSTEMPATH\CodeIgniter.php(934): App\Controllers\Jurusan->show('2')
 7 SYSTEMPATH\CodeIgniter.php(499): CodeIgniter\CodeIgniter->runController(Object(App\Controllers\Jurusan))
 8 SYSTEMPATH\CodeIgniter.php(368): CodeIgniter\CodeIgniter->handleRequest(null, Object(Config\Cache), false)
 9 FCPATH\index.php(67): CodeIgniter\CodeIgniter->run()
10 SYSTEMPATH\Commands\Server\rewrite.php(47): require_once('FCPATH\\index.php')
CRITICAL - 2023-02-24 02:41:32 --> Undefined variable $datamhs
in APPPATH\Views\mainmenu\jurusanview.php on line 10.
 1 APPPATH\Views\mainmenu\jurusanview.php(10): CodeIgniter\Debug\Exceptions->errorHandler(2, 'Undefined variable $datamhs', 'APPPATH\\Views\\mainmenu\\jurusanview.php', 10)
 2 SYSTEMPATH\View\View.php(213): include('APPPATH\\Views\\mainmenu\\jurusanview.php')
 3 SYSTEMPATH\View\View.php(216): CodeIgniter\View\View->CodeIgniter\View\{closure}()
 4 SYSTEMPATH\Common.php(1177): CodeIgniter\View\View->render('mainmenu/jurusanview', [], true)
 5 APPPATH\Controllers\Jurusan.php(40): view('mainmenu/jurusanview', [...])
 6 SYSTEMPATH\CodeIgniter.php(934): App\Controllers\Jurusan->show('1')
 7 SYSTEMPATH\CodeIgniter.php(499): CodeIgniter\CodeIgniter->runController(Object(App\Controllers\Jurusan))
 8 SYSTEMPATH\CodeIgniter.php(368): CodeIgniter\CodeIgniter->handleRequest(null, Object(Config\Cache), false)
 9 FCPATH\index.php(67): CodeIgniter\CodeIgniter->run()
10 SYSTEMPATH\Commands\Server\rewrite.php(47): require_once('FCPATH\\index.php')
CRITICAL - 2023-02-24 04:35:18 --> Undefined variable $datamhs
in APPPATH\Views\mainmenu\jurusanedit.php on line 8.
 1 APPPATH\Views\mainmenu\jurusanedit.php(8): CodeIgniter\Debug\Exceptions->errorHandler(2, 'Undefined variable $datamhs', 'APPPATH\\Views\\mainmenu\\jurusanedit.php', 8)
 2 SYSTEMPATH\View\View.php(213): include('APPPATH\\Views\\mainmenu\\jurusanedit.php')
 3 SYSTEMPATH\View\View.php(216): CodeIgniter\View\View->CodeIgniter\View\{closure}()
 4 SYSTEMPATH\Common.php(1177): CodeIgniter\View\View->render('/mainmenu/jurusanedit', [], true)
 5 APPPATH\Controllers\Jurusan.php(78): view('/mainmenu/jurusanedit', [...])
 6 SYSTEMPATH\CodeIgniter.php(934): App\Controllers\Jurusan->edit('2')
 7 SYSTEMPATH\CodeIgniter.php(499): CodeIgniter\CodeIgniter->runController(Object(App\Controllers\Jurusan))
 8 SYSTEMPATH\CodeIgniter.php(368): CodeIgniter\CodeIgniter->handleRequest(null, Object(Config\Cache), false)
 9 FCPATH\index.php(67): CodeIgniter\CodeIgniter->run()
10 SYSTEMPATH\Commands\Server\rewrite.php(47): require_once('FCPATH\\index.php')
CRITICAL - 2023-02-24 04:36:19 --> Undefined variable $datamhs
in APPPATH\Views\mainmenu\jurusanedit.php on line 4.
 1 APPPATH\Views\mainmenu\jurusanedit.php(4): CodeIgniter\Debug\Exceptions->errorHandler(2, 'Undefined variable $datamhs', 'APPPATH\\Views\\mainmenu\\jurusanedit.php', 4)
 2 SYSTEMPATH\View\View.php(213): include('APPPATH\\Views\\mainmenu\\jurusanedit.php')
 3 SYSTEMPATH\View\View.php(216): CodeIgniter\View\View->CodeIgniter\View\{closure}()
 4 SYSTEMPATH\Common.php(1177): CodeIgniter\View\View->render('/mainmenu/jurusanedit', [], true)
 5 APPPATH\Controllers\Jurusan.php(78): view('/mainmenu/jurusanedit', [...])
 6 SYSTEMPATH\CodeIgniter.php(934): App\Controllers\Jurusan->edit('2')
 7 SYSTEMPATH\CodeIgniter.php(499): CodeIgniter\CodeIgniter->runController(Object(App\Controllers\Jurusan))
 8 SYSTEMPATH\CodeIgniter.php(368): CodeIgniter\CodeIgniter->handleRequest(null, Object(Config\Cache), false)
 9 FCPATH\index.php(67): CodeIgniter\CodeIgniter->run()
10 SYSTEMPATH\Commands\Server\rewrite.php(47): require_once('FCPATH\\index.php')
INFO - 2023-02-24 04:40:21 --> Session: Class initialized using 'CodeIgniter\Session\Handlers\FileHandler' driver.
ERROR - 2023-02-24 04:48:13 --> Error connecting to the database: mysqli_sql_exception: No connection could be made because the target machine actively refused it in C:\xampp\htdocs\template\MASTER\CI4_L3\system\Database\MySQLi\Connection.php:174
Stack trace:
#0 C:\xampp\htdocs\template\MASTER\CI4_L3\system\Database\MySQLi\Connection.php(174): mysqli->real_connect('localhost', 'root', '', 'lp3i', 3306, '', 0)
#1 C:\xampp\htdocs\template\MASTER\CI4_L3\system\Database\BaseConnection.php(391): CodeIgniter\Database\MySQLi\Connection->connect(false)
#2 C:\xampp\htdocs\template\MASTER\CI4_L3\system\Database\BaseConnection.php(573): CodeIgniter\Database\BaseConnection->initialize()
#3 C:\xampp\htdocs\template\MASTER\CI4_L3\system\Database\BaseBuilder.php(1602): CodeIgniter\Database\BaseConnection->query('SELECT *\nFROM `...', Array, false)
#4 C:\xampp\htdocs\template\MASTER\CI4_L3\system\Model.php(240): CodeIgniter\Database\BaseBuilder->get()
#5 C:\xampp\htdocs\template\MASTER\CI4_L3\system\BaseModel.php(618): CodeIgniter\Model->doFindAll(0, 0)
#6 C:\xampp\htdocs\template\MASTER\CI4_L3\app\Models\JurusanModel.php(18): CodeIgniter\BaseModel->findAll()
#7 C:\xampp\htdocs\template\MASTER\CI4_L3\app\Controllers\Jurusan.php(25): App\Models\JurusanModel->getJrs()
#8 C:\xampp\htdocs\template\MASTER\CI4_L3\system\CodeIgniter.php(934): App\Controllers\Jurusan->index()
#9 C:\xampp\htdocs\template\MASTER\CI4_L3\system\CodeIgniter.php(499): CodeIgniter\CodeIgniter->runController(Object(App\Controllers\Jurusan))
#10 C:\xampp\htdocs\template\MASTER\CI4_L3\system\CodeIgniter.php(368): CodeIgniter\CodeIgniter->handleRequest(NULL, Object(Config\Cache), false)
#11 C:\xampp\htdocs\template\MASTER\CI4_L3\public\index.php(67): CodeIgniter\CodeIgniter->run()
#12 C:\xampp\htdocs\template\MASTER\CI4_L3\system\Commands\Server\rewrite.php(47): require_once('C:\\xampp\\htdocs...')
#13 {main}

Next CodeIgniter\Database\Exceptions\DatabaseException: No connection could be made because the target machine actively refused it in C:\xampp\htdocs\template\MASTER\CI4_L3\system\Database\MySQLi\Connection.php:218
Stack trace:
#0 C:\xampp\htdocs\template\MASTER\CI4_L3\system\Database\BaseConnection.php(391): CodeIgniter\Database\MySQLi\Connection->connect(false)
#1 C:\xampp\htdocs\template\MASTER\CI4_L3\system\Database\BaseConnection.php(573): CodeIgniter\Database\BaseConnection->initialize()
#2 C:\xampp\htdocs\template\MASTER\CI4_L3\system\Database\BaseBuilder.php(1602): CodeIgniter\Database\BaseConnection->query('SELECT *\nFROM `...', Array, false)
#3 C:\xampp\htdocs\template\MASTER\CI4_L3\system\Model.php(240): CodeIgniter\Database\BaseBuilder->get()
#4 C:\xampp\htdocs\template\MASTER\CI4_L3\system\BaseModel.php(618): CodeIgniter\Model->doFindAll(0, 0)
#5 C:\xampp\htdocs\template\MASTER\CI4_L3\app\Models\JurusanModel.php(18): CodeIgniter\BaseModel->findAll()
#6 C:\xampp\htdocs\template\MASTER\CI4_L3\app\Controllers\Jurusan.php(25): App\Models\JurusanModel->getJrs()
#7 C:\xampp\htdocs\template\MASTER\CI4_L3\system\CodeIgniter.php(934): App\Controllers\Jurusan->index()
#8 C:\xampp\htdocs\template\MASTER\CI4_L3\system\CodeIgniter.php(499): CodeIgniter\CodeIgniter->runController(Object(App\Controllers\Jurusan))
#9 C:\xampp\htdocs\template\MASTER\CI4_L3\system\CodeIgniter.php(368): CodeIgniter\CodeIgniter->handleRequest(NULL, Object(Config\Cache), false)
#10 C:\xampp\htdocs\template\MASTER\CI4_L3\public\index.php(67): CodeIgniter\CodeIgniter->run()
#11 C:\xampp\htdocs\template\MASTER\CI4_L3\system\Commands\Server\rewrite.php(47): require_once('C:\\xampp\\htdocs...')
#12 {main}
CRITICAL - 2023-02-24 04:48:13 --> Unable to connect to the database.
Main connection [MySQLi]: No connection could be made because the target machine actively refused it
in SYSTEMPATH\Database\BaseConnection.php on line 427.
 1 SYSTEMPATH\Database\BaseConnection.php(573): CodeIgniter\Database\BaseConnection->initialize()
 2 SYSTEMPATH\Database\BaseBuilder.php(1602): CodeIgniter\Database\BaseConnection->query('SELECT *
FROM `jurusan`', [], false)
 3 SYSTEMPATH\Model.php(240): CodeIgniter\Database\BaseBuilder->get()
 4 SYSTEMPATH\BaseModel.php(618): CodeIgniter\Model->doFindAll(0, 0)
 5 APPPATH\Models\JurusanModel.php(18): CodeIgniter\BaseModel->findAll()
 6 APPPATH\Controllers\Jurusan.php(25): App\Models\JurusanModel->getJrs()
 7 SYSTEMPATH\CodeIgniter.php(934): App\Controllers\Jurusan->index()
 8 SYSTEMPATH\CodeIgniter.php(499): CodeIgniter\CodeIgniter->runController(Object(App\Controllers\Jurusan))
 9 SYSTEMPATH\CodeIgniter.php(368): CodeIgniter\CodeIgniter->handleRequest(null, Object(Config\Cache), false)
10 FCPATH\index.php(67): CodeIgniter\CodeIgniter->run()
11 SYSTEMPATH\Commands\Server\rewrite.php(47): require_once('FCPATH\\index.php')
CRITICAL - 2023-02-24 04:51:12 --> Allowed memory size of 536870912 bytes exhausted (tried to allocate 140525568 bytes)
in APPPATH\Views\mainmenu\jurusan.php on line 37.
 1 [internal function]: CodeIgniter\Debug\Exceptions->shutdownHandler()
CRITICAL - 2023-02-24 04:51:32 --> Allowed memory size of 536870912 bytes exhausted (tried to allocate 140525568 bytes)
in APPPATH\Views\mainmenu\jurusan.php on line 37.
 1 [internal function]: CodeIgniter\Debug\Exceptions->shutdownHandler()
CRITICAL - 2023-02-24 04:51:42 --> Allowed memory size of 536870912 bytes exhausted (tried to allocate 140525568 bytes)
in APPPATH\Views\mainmenu\jurusan.php on line 37.
 1 [internal function]: CodeIgniter\Debug\Exceptions->shutdownHandler()
INFO - 2023-02-24 04:52:47 --> Session: Class initialized using 'CodeIgniter\Session\Handlers\FileHandler' driver.
INFO - 2023-02-24 04:52:55 --> Session: Class initialized using 'CodeIgniter\Session\Handlers\FileHandler' driver.
INFO - 2023-02-24 04:53:53 --> Session: Class initialized using 'CodeIgniter\Session\Handlers\FileHandler' driver.
INFO - 2023-02-24 04:55:18 --> Session: Class initialized using 'CodeIgniter\Session\Handlers\FileHandler' driver.
CRITICAL - 2023-02-24 04:55:35 --> Allowed memory size of 536870912 bytes exhausted (tried to allocate 140525568 bytes)
in APPPATH\Views\mainmenu\jurusan.php on line 37.
 1 [internal function]: CodeIgniter\Debug\Exceptions->shutdownHandler()
INFO - 2023-02-24 04:55:39 --> Session: Class initialized using 'CodeIgniter\Session\Handlers\FileHandler' driver.
CRITICAL - 2023-02-24 04:55:59 --> Allowed memory size of 536870912 bytes exhausted (tried to allocate 140525568 bytes)
in APPPATH\Views\mainmenu\jurusan.php on line 37.
 1 [internal function]: CodeIgniter\Debug\Exceptions->shutdownHandler()
INFO - 2023-02-24 04:57:18 --> Session: Class initialized using 'CodeIgniter\Session\Handlers\FileHandler' driver.
CRITICAL - 2023-02-24 05:00:29 --> Allowed memory size of 536870912 bytes exhausted (tried to allocate 140525568 bytes)
in APPPATH\Views\mainmenu\jurusan.php on line 37.
 1 [internal function]: CodeIgniter\Debug\Exceptions->shutdownHandler()
INFO - 2023-02-24 05:01:13 --> Session: Class initialized using 'CodeIgniter\Session\Handlers\FileHandler' driver.
INFO - 2023-02-24 06:43:29 --> Session: Class initialized using 'CodeIgniter\Session\Handlers\FileHandler' driver.
INFO - 2023-02-24 06:43:36 --> Session: Class initialized using 'CodeIgniter\Session\Handlers\FileHandler' driver.
INFO - 2023-02-24 06:43:38 --> Session: Class initialized using 'CodeIgniter\Session\Handlers\FileHandler' driver.
INFO - 2023-02-24 06:43:54 --> Session: Class initialized using 'CodeIgniter\Session\Handlers\FileHandler' driver.
INFO - 2023-02-24 06:44:26 --> Session: Class initialized using 'CodeIgniter\Session\Handlers\FileHandler' driver.
INFO - 2023-02-24 06:45:07 --> Session: Class initialized using 'CodeIgniter\Session\Handlers\FileHandler' driver.
INFO - 2023-02-24 06:45:35 --> Session: Class initialized using 'CodeIgniter\Session\Handlers\FileHandler' driver.
INFO - 2023-02-24 06:45:35 --> Session: Class initialized using 'CodeIgniter\Session\Handlers\FileHandler' driver.
INFO - 2023-02-24 06:45:44 --> Session: Class initialized using 'CodeIgniter\Session\Handlers\FileHandler' driver.
INFO - 2023-02-24 06:45:44 --> Session: Class initialized using 'CodeIgniter\Session\Handlers\FileHandler' driver.
INFO - 2023-02-24 06:45:53 --> Session: Class initialized using 'CodeIgniter\Session\Handlers\FileHandler' driver.
INFO - 2023-02-24 06:45:54 --> Session: Class initialized using 'CodeIgniter\Session\Handlers\FileHandler' driver.
INFO - 2023-02-24 06:45:56 --> Session: Class initialized using 'CodeIgniter\Session\Handlers\FileHandler' driver.
INFO - 2023-02-24 06:46:11 --> Session: Class initialized using 'CodeIgniter\Session\Handlers\FileHandler' driver.
