ERROR - 2023-11-01 13:01:09 --> Error connecting to the database: mysqli_sql_exception: No connection could be made because the target machine actively refused it in D:\Semester 3\Framework Programming\Admin LTE\CI4\system\Database\MySQLi\Connection.php:174
Stack trace:
#0 D:\Semester 3\Framework Programming\Admin LTE\CI4\system\Database\MySQLi\Connection.php(174): mysqli->real_connect('localhost', 'root', '', 'ase56', 3306, '', 0)
#1 D:\Semester 3\Framework Programming\Admin LTE\CI4\system\Database\BaseConnection.php(391): CodeIgniter\Database\MySQLi\Connection->connect(false)
#2 D:\Semester 3\Framework Programming\Admin LTE\CI4\system\Database\BaseConnection.php(573): CodeIgniter\Database\BaseConnection->initialize()
#3 D:\Semester 3\Framework Programming\Admin LTE\CI4\system\Database\BaseBuilder.php(1735): CodeIgniter\Database\BaseConnection->query('SELECT *\nFROM `...', Array, false)
#4 D:\Semester 3\Framework Programming\Admin LTE\CI4\system\Model.php(839): CodeIgniter\Database\BaseBuilder->getWhere(Array)
#5 D:\Semester 3\Framework Programming\Admin LTE\CI4\app\Models\ParkirModel.php(13): CodeIgniter\Model->__call('getWhere', Array)
#6 D:\Semester 3\Framework Programming\Admin LTE\CI4\app\Controllers\Parkir.php(13): App\Models\ParkirModel->getData()
#7 D:\Semester 3\Framework Programming\Admin LTE\CI4\system\CodeIgniter.php(934): App\Controllers\Parkir->index()
#8 D:\Semester 3\Framework Programming\Admin LTE\CI4\system\CodeIgniter.php(499): CodeIgniter\CodeIgniter->runController(Object(App\Controllers\Parkir))
#9 D:\Semester 3\Framework Programming\Admin LTE\CI4\system\CodeIgniter.php(368): CodeIgniter\CodeIgniter->handleRequest(NULL, Object(Config\Cache), false)
#10 D:\Semester 3\Framework Programming\Admin LTE\CI4\public\index.php(67): CodeIgniter\CodeIgniter->run()
#11 D:\Semester 3\Framework Programming\Admin LTE\CI4\system\Commands\Server\rewrite.php(47): require_once('D:\\Semester 3\\F...')
#12 {main}

Next CodeIgniter\Database\Exceptions\DatabaseException: No connection could be made because the target machine actively refused it in D:\Semester 3\Framework Programming\Admin LTE\CI4\system\Database\MySQLi\Connection.php:218
Stack trace:
#0 D:\Semester 3\Framework Programming\Admin LTE\CI4\system\Database\BaseConnection.php(391): CodeIgniter\Database\MySQLi\Connection->connect(false)
#1 D:\Semester 3\Framework Programming\Admin LTE\CI4\system\Database\BaseConnection.php(573): CodeIgniter\Database\BaseConnection->initialize()
#2 D:\Semester 3\Framework Programming\Admin LTE\CI4\system\Database\BaseBuilder.php(1735): CodeIgniter\Database\BaseConnection->query('SELECT *\nFROM `...', Array, false)
#3 D:\Semester 3\Framework Programming\Admin LTE\CI4\system\Model.php(839): CodeIgniter\Database\BaseBuilder->getWhere(Array)
#4 D:\Semester 3\Framework Programming\Admin LTE\CI4\app\Models\ParkirModel.php(13): CodeIgniter\Model->__call('getWhere', Array)
#5 D:\Semester 3\Framework Programming\Admin LTE\CI4\app\Controllers\Parkir.php(13): App\Models\ParkirModel->getData()
#6 D:\Semester 3\Framework Programming\Admin LTE\CI4\system\CodeIgniter.php(934): App\Controllers\Parkir->index()
#7 D:\Semester 3\Framework Programming\Admin LTE\CI4\system\CodeIgniter.php(499): CodeIgniter\CodeIgniter->runController(Object(App\Controllers\Parkir))
#8 D:\Semester 3\Framework Programming\Admin LTE\CI4\system\CodeIgniter.php(368): CodeIgniter\CodeIgniter->handleRequest(NULL, Object(Config\Cache), false)
#9 D:\Semester 3\Framework Programming\Admin LTE\CI4\public\index.php(67): CodeIgniter\CodeIgniter->run()
#10 D:\Semester 3\Framework Programming\Admin LTE\CI4\system\Commands\Server\rewrite.php(47): require_once('D:\\Semester 3\\F...')
#11 {main}
CRITICAL - 2023-11-01 13:01:09 --> Unable to connect to the database.
Main connection [MySQLi]: No connection could be made because the target machine actively refused it
in SYSTEMPATH\Database\BaseConnection.php on line 427.
 1 SYSTEMPATH\Database\BaseConnection.php(573): CodeIgniter\Database\BaseConnection->initialize()
 2 SYSTEMPATH\Database\BaseBuilder.php(1735): CodeIgniter\Database\BaseConnection->query('SELECT *
FROM `parkir`
WHERE `id` = :id:', [...], false)
 3 SYSTEMPATH\Model.php(839): CodeIgniter\Database\BaseBuilder->getWhere([...])
 4 APPPATH\Models\ParkirModel.php(13): CodeIgniter\Model->__call('getWhere', [...])
 5 APPPATH\Controllers\Parkir.php(13): App\Models\ParkirModel->getData()
 6 SYSTEMPATH\CodeIgniter.php(934): App\Controllers\Parkir->index()
 7 SYSTEMPATH\CodeIgniter.php(499): CodeIgniter\CodeIgniter->runController(Object(App\Controllers\Parkir))
 8 SYSTEMPATH\CodeIgniter.php(368): CodeIgniter\CodeIgniter->handleRequest(null, Object(Config\Cache), false)
 9 FCPATH\index.php(67): CodeIgniter\CodeIgniter->run()
10 SYSTEMPATH\Commands\Server\rewrite.php(47): require_once('FCPATH\\index.php')
ERROR - 2023-11-01 13:01:16 --> Error connecting to the database: mysqli_sql_exception: No connection could be made because the target machine actively refused it in D:\Semester 3\Framework Programming\Admin LTE\CI4\system\Database\MySQLi\Connection.php:174
Stack trace:
#0 D:\Semester 3\Framework Programming\Admin LTE\CI4\system\Database\MySQLi\Connection.php(174): mysqli->real_connect('localhost', 'root', '', 'ase56', 3306, '', 0)
#1 D:\Semester 3\Framework Programming\Admin LTE\CI4\system\Database\BaseConnection.php(391): CodeIgniter\Database\MySQLi\Connection->connect(false)
#2 D:\Semester 3\Framework Programming\Admin LTE\CI4\system\Database\BaseConnection.php(573): CodeIgniter\Database\BaseConnection->initialize()
#3 D:\Semester 3\Framework Programming\Admin LTE\CI4\system\Database\BaseBuilder.php(1735): CodeIgniter\Database\BaseConnection->query('SELECT *\nFROM `...', Array, false)
#4 D:\Semester 3\Framework Programming\Admin LTE\CI4\system\Model.php(839): CodeIgniter\Database\BaseBuilder->getWhere(Array)
#5 D:\Semester 3\Framework Programming\Admin LTE\CI4\app\Models\ParkirModel.php(13): CodeIgniter\Model->__call('getWhere', Array)
#6 D:\Semester 3\Framework Programming\Admin LTE\CI4\app\Controllers\Parkir.php(13): App\Models\ParkirModel->getData()
#7 D:\Semester 3\Framework Programming\Admin LTE\CI4\system\CodeIgniter.php(934): App\Controllers\Parkir->index()
#8 D:\Semester 3\Framework Programming\Admin LTE\CI4\system\CodeIgniter.php(499): CodeIgniter\CodeIgniter->runController(Object(App\Controllers\Parkir))
#9 D:\Semester 3\Framework Programming\Admin LTE\CI4\system\CodeIgniter.php(368): CodeIgniter\CodeIgniter->handleRequest(NULL, Object(Config\Cache), false)
#10 D:\Semester 3\Framework Programming\Admin LTE\CI4\public\index.php(67): CodeIgniter\CodeIgniter->run()
#11 D:\Semester 3\Framework Programming\Admin LTE\CI4\system\Commands\Server\rewrite.php(47): require_once('D:\\Semester 3\\F...')
#12 {main}

Next CodeIgniter\Database\Exceptions\DatabaseException: No connection could be made because the target machine actively refused it in D:\Semester 3\Framework Programming\Admin LTE\CI4\system\Database\MySQLi\Connection.php:218
Stack trace:
#0 D:\Semester 3\Framework Programming\Admin LTE\CI4\system\Database\BaseConnection.php(391): CodeIgniter\Database\MySQLi\Connection->connect(false)
#1 D:\Semester 3\Framework Programming\Admin LTE\CI4\system\Database\BaseConnection.php(573): CodeIgniter\Database\BaseConnection->initialize()
#2 D:\Semester 3\Framework Programming\Admin LTE\CI4\system\Database\BaseBuilder.php(1735): CodeIgniter\Database\BaseConnection->query('SELECT *\nFROM `...', Array, false)
#3 D:\Semester 3\Framework Programming\Admin LTE\CI4\system\Model.php(839): CodeIgniter\Database\BaseBuilder->getWhere(Array)
#4 D:\Semester 3\Framework Programming\Admin LTE\CI4\app\Models\ParkirModel.php(13): CodeIgniter\Model->__call('getWhere', Array)
#5 D:\Semester 3\Framework Programming\Admin LTE\CI4\app\Controllers\Parkir.php(13): App\Models\ParkirModel->getData()
#6 D:\Semester 3\Framework Programming\Admin LTE\CI4\system\CodeIgniter.php(934): App\Controllers\Parkir->index()
#7 D:\Semester 3\Framework Programming\Admin LTE\CI4\system\CodeIgniter.php(499): CodeIgniter\CodeIgniter->runController(Object(App\Controllers\Parkir))
#8 D:\Semester 3\Framework Programming\Admin LTE\CI4\system\CodeIgniter.php(368): CodeIgniter\CodeIgniter->handleRequest(NULL, Object(Config\Cache), false)
#9 D:\Semester 3\Framework Programming\Admin LTE\CI4\public\index.php(67): CodeIgniter\CodeIgniter->run()
#10 D:\Semester 3\Framework Programming\Admin LTE\CI4\system\Commands\Server\rewrite.php(47): require_once('D:\\Semester 3\\F...')
#11 {main}
CRITICAL - 2023-11-01 13:01:16 --> Unable to connect to the database.
Main connection [MySQLi]: No connection could be made because the target machine actively refused it
in SYSTEMPATH\Database\BaseConnection.php on line 427.
 1 SYSTEMPATH\Database\BaseConnection.php(573): CodeIgniter\Database\BaseConnection->initialize()
 2 SYSTEMPATH\Database\BaseBuilder.php(1735): CodeIgniter\Database\BaseConnection->query('SELECT *
FROM `parkir`
WHERE `id` = :id:', [...], false)
 3 SYSTEMPATH\Model.php(839): CodeIgniter\Database\BaseBuilder->getWhere([...])
 4 APPPATH\Models\ParkirModel.php(13): CodeIgniter\Model->__call('getWhere', [...])
 5 APPPATH\Controllers\Parkir.php(13): App\Models\ParkirModel->getData()
 6 SYSTEMPATH\CodeIgniter.php(934): App\Controllers\Parkir->index()
 7 SYSTEMPATH\CodeIgniter.php(499): CodeIgniter\CodeIgniter->runController(Object(App\Controllers\Parkir))
 8 SYSTEMPATH\CodeIgniter.php(368): CodeIgniter\CodeIgniter->handleRequest(null, Object(Config\Cache), false)
 9 FCPATH\index.php(67): CodeIgniter\CodeIgniter->run()
10 SYSTEMPATH\Commands\Server\rewrite.php(47): require_once('FCPATH\\index.php')
CRITICAL - 2023-11-01 13:03:51 --> Undefined variable $dtParkir
in APPPATH\Views\parkir.php on line 22.
 1 APPPATH\Views\parkir.php(22): CodeIgniter\Debug\Exceptions->errorHandler(2, 'Undefined variable $dtParkir', 'APPPATH\\Views\\parkir.php', 22)
 2 SYSTEMPATH\View\View.php(213): include('APPPATH\\Views\\parkir.php')
 3 SYSTEMPATH\View\View.php(216): CodeIgniter\View\View->CodeIgniter\View\{closure}()
 4 SYSTEMPATH\Common.php(1177): CodeIgniter\View\View->render('Parkir', [], true)
 5 APPPATH\Controllers\Parkir.php(14): view('Parkir', [...])
 6 SYSTEMPATH\CodeIgniter.php(934): App\Controllers\Parkir->index()
 7 SYSTEMPATH\CodeIgniter.php(499): CodeIgniter\CodeIgniter->runController(Object(App\Controllers\Parkir))
 8 SYSTEMPATH\CodeIgniter.php(368): CodeIgniter\CodeIgniter->handleRequest(null, Object(Config\Cache), false)
 9 FCPATH\index.php(67): CodeIgniter\CodeIgniter->run()
10 SYSTEMPATH\Commands\Server\rewrite.php(47): require_once('FCPATH\\index.php')
CRITICAL - 2023-11-01 13:14:48 --> Cannot use object of type mysqli as array
in APPPATH\Views\parkir.php on line 25.
 1 SYSTEMPATH\View\View.php(213): include()
 2 SYSTEMPATH\View\View.php(216): CodeIgniter\View\View->CodeIgniter\View\{closure}()
 3 SYSTEMPATH\Common.php(1177): CodeIgniter\View\View->render('Parkir', [], true)
 4 APPPATH\Controllers\Parkir.php(14): view('Parkir', [...])
 5 SYSTEMPATH\CodeIgniter.php(934): App\Controllers\Parkir->index()
 6 SYSTEMPATH\CodeIgniter.php(499): CodeIgniter\CodeIgniter->runController(Object(App\Controllers\Parkir))
 7 SYSTEMPATH\CodeIgniter.php(368): CodeIgniter\CodeIgniter->handleRequest(null, Object(Config\Cache), false)
 8 FCPATH\index.php(67): CodeIgniter\CodeIgniter->run()
 9 SYSTEMPATH\Commands\Server\rewrite.php(47): require_once('FCPATH\\index.php')
CRITICAL - 2023-11-01 13:14:52 --> Cannot use object of type mysqli as array
in APPPATH\Views\parkir.php on line 25.
 1 SYSTEMPATH\View\View.php(213): include()
 2 SYSTEMPATH\View\View.php(216): CodeIgniter\View\View->CodeIgniter\View\{closure}()
 3 SYSTEMPATH\Common.php(1177): CodeIgniter\View\View->render('Parkir', [], true)
 4 APPPATH\Controllers\Parkir.php(14): view('Parkir', [...])
 5 SYSTEMPATH\CodeIgniter.php(934): App\Controllers\Parkir->index()
 6 SYSTEMPATH\CodeIgniter.php(499): CodeIgniter\CodeIgniter->runController(Object(App\Controllers\Parkir))
 7 SYSTEMPATH\CodeIgniter.php(368): CodeIgniter\CodeIgniter->handleRequest(null, Object(Config\Cache), false)
 8 FCPATH\index.php(67): CodeIgniter\CodeIgniter->run()
 9 SYSTEMPATH\Commands\Server\rewrite.php(47): require_once('FCPATH\\index.php')
CRITICAL - 2023-11-01 13:20:50 --> Undefined array key "tangal_masuk"
in APPPATH\Views\parkir.php on line 26.
 1 APPPATH\Views\parkir.php(26): CodeIgniter\Debug\Exceptions->errorHandler(2, 'Undefined array key "tangal_masuk"', 'APPPATH\\Views\\parkir.php', 26)
 2 SYSTEMPATH\View\View.php(213): include('APPPATH\\Views\\parkir.php')
 3 SYSTEMPATH\View\View.php(216): CodeIgniter\View\View->CodeIgniter\View\{closure}()
 4 SYSTEMPATH\Common.php(1177): CodeIgniter\View\View->render('Parkir', [], true)
 5 APPPATH\Controllers\Parkir.php(14): view('Parkir', [...])
 6 SYSTEMPATH\CodeIgniter.php(934): App\Controllers\Parkir->index()
 7 SYSTEMPATH\CodeIgniter.php(499): CodeIgniter\CodeIgniter->runController(Object(App\Controllers\Parkir))
 8 SYSTEMPATH\CodeIgniter.php(368): CodeIgniter\CodeIgniter->handleRequest(null, Object(Config\Cache), false)
 9 FCPATH\index.php(67): CodeIgniter\CodeIgniter->run()
10 SYSTEMPATH\Commands\Server\rewrite.php(47): require_once('FCPATH\\index.php')
CRITICAL - 2023-11-01 13:20:51 --> Undefined array key "tangal_masuk"
in APPPATH\Views\parkir.php on line 26.
 1 APPPATH\Views\parkir.php(26): CodeIgniter\Debug\Exceptions->errorHandler(2, 'Undefined array key "tangal_masuk"', 'APPPATH\\Views\\parkir.php', 26)
 2 SYSTEMPATH\View\View.php(213): include('APPPATH\\Views\\parkir.php')
 3 SYSTEMPATH\View\View.php(216): CodeIgniter\View\View->CodeIgniter\View\{closure}()
 4 SYSTEMPATH\Common.php(1177): CodeIgniter\View\View->render('Parkir', [], true)
 5 APPPATH\Controllers\Parkir.php(14): view('Parkir', [...])
 6 SYSTEMPATH\CodeIgniter.php(934): App\Controllers\Parkir->index()
 7 SYSTEMPATH\CodeIgniter.php(499): CodeIgniter\CodeIgniter->runController(Object(App\Controllers\Parkir))
 8 SYSTEMPATH\CodeIgniter.php(368): CodeIgniter\CodeIgniter->handleRequest(null, Object(Config\Cache), false)
 9 FCPATH\index.php(67): CodeIgniter\CodeIgniter->run()
10 SYSTEMPATH\Commands\Server\rewrite.php(47): require_once('FCPATH\\index.php')
CRITICAL - 2023-11-01 13:20:52 --> Undefined array key "tangal_masuk"
in APPPATH\Views\parkir.php on line 26.
 1 APPPATH\Views\parkir.php(26): CodeIgniter\Debug\Exceptions->errorHandler(2, 'Undefined array key "tangal_masuk"', 'APPPATH\\Views\\parkir.php', 26)
 2 SYSTEMPATH\View\View.php(213): include('APPPATH\\Views\\parkir.php')
 3 SYSTEMPATH\View\View.php(216): CodeIgniter\View\View->CodeIgniter\View\{closure}()
 4 SYSTEMPATH\Common.php(1177): CodeIgniter\View\View->render('Parkir', [], true)
 5 APPPATH\Controllers\Parkir.php(14): view('Parkir', [...])
 6 SYSTEMPATH\CodeIgniter.php(934): App\Controllers\Parkir->index()
 7 SYSTEMPATH\CodeIgniter.php(499): CodeIgniter\CodeIgniter->runController(Object(App\Controllers\Parkir))
 8 SYSTEMPATH\CodeIgniter.php(368): CodeIgniter\CodeIgniter->handleRequest(null, Object(Config\Cache), false)
 9 FCPATH\index.php(67): CodeIgniter\CodeIgniter->run()
10 SYSTEMPATH\Commands\Server\rewrite.php(47): require_once('FCPATH\\index.php')
CRITICAL - 2023-11-01 13:21:05 --> Undefined array key "tanggal_masuk"
in APPPATH\Views\parkir.php on line 26.
 1 APPPATH\Views\parkir.php(26): CodeIgniter\Debug\Exceptions->errorHandler(2, 'Undefined array key "tanggal_masuk"', 'APPPATH\\Views\\parkir.php', 26)
 2 SYSTEMPATH\View\View.php(213): include('APPPATH\\Views\\parkir.php')
 3 SYSTEMPATH\View\View.php(216): CodeIgniter\View\View->CodeIgniter\View\{closure}()
 4 SYSTEMPATH\Common.php(1177): CodeIgniter\View\View->render('Parkir', [], true)
 5 APPPATH\Controllers\Parkir.php(14): view('Parkir', [...])
 6 SYSTEMPATH\CodeIgniter.php(934): App\Controllers\Parkir->index()
 7 SYSTEMPATH\CodeIgniter.php(499): CodeIgniter\CodeIgniter->runController(Object(App\Controllers\Parkir))
 8 SYSTEMPATH\CodeIgniter.php(368): CodeIgniter\CodeIgniter->handleRequest(null, Object(Config\Cache), false)
 9 FCPATH\index.php(67): CodeIgniter\CodeIgniter->run()
10 SYSTEMPATH\Commands\Server\rewrite.php(47): require_once('FCPATH\\index.php')
CRITICAL - 2023-11-01 13:21:35 --> Undefined array key "tanggal_keluar"
in APPPATH\Views\parkir.php on line 27.
 1 APPPATH\Views\parkir.php(27): CodeIgniter\Debug\Exceptions->errorHandler(2, 'Undefined array key "tanggal_keluar"', 'APPPATH\\Views\\parkir.php', 27)
 2 SYSTEMPATH\View\View.php(213): include('APPPATH\\Views\\parkir.php')
 3 SYSTEMPATH\View\View.php(216): CodeIgniter\View\View->CodeIgniter\View\{closure}()
 4 SYSTEMPATH\Common.php(1177): CodeIgniter\View\View->render('Parkir', [], true)
 5 APPPATH\Controllers\Parkir.php(14): view('Parkir', [...])
 6 SYSTEMPATH\CodeIgniter.php(934): App\Controllers\Parkir->index()
 7 SYSTEMPATH\CodeIgniter.php(499): CodeIgniter\CodeIgniter->runController(Object(App\Controllers\Parkir))
 8 SYSTEMPATH\CodeIgniter.php(368): CodeIgniter\CodeIgniter->handleRequest(null, Object(Config\Cache), false)
 9 FCPATH\index.php(67): CodeIgniter\CodeIgniter->run()
10 SYSTEMPATH\Commands\Server\rewrite.php(47): require_once('FCPATH\\index.php')
ERROR - 2023-11-01 13:32:59 --> Error connecting to the database: mysqli_sql_exception: No connection could be made because the target machine actively refused it in D:\Semester 3\Framework Programming\Admin LTE\CI4\system\Database\MySQLi\Connection.php:174
Stack trace:
#0 D:\Semester 3\Framework Programming\Admin LTE\CI4\system\Database\MySQLi\Connection.php(174): mysqli->real_connect('localhost', 'root', '', 'ase56', 3306, '', 0)
#1 D:\Semester 3\Framework Programming\Admin LTE\CI4\system\Database\BaseConnection.php(391): CodeIgniter\Database\MySQLi\Connection->connect(false)
#2 D:\Semester 3\Framework Programming\Admin LTE\CI4\system\Database\BaseConnection.php(573): CodeIgniter\Database\BaseConnection->initialize()
#3 D:\Semester 3\Framework Programming\Admin LTE\CI4\system\Database\BaseBuilder.php(1602): CodeIgniter\Database\BaseConnection->query('SELECT *\nFROM `...', Array, false)
#4 D:\Semester 3\Framework Programming\Admin LTE\CI4\system\Model.php(240): CodeIgniter\Database\BaseBuilder->get()
#5 D:\Semester 3\Framework Programming\Admin LTE\CI4\system\BaseModel.php(618): CodeIgniter\Model->doFindAll(0, 0)
#6 D:\Semester 3\Framework Programming\Admin LTE\CI4\app\Models\ParkirModel.php(12): CodeIgniter\BaseModel->findAll()
#7 D:\Semester 3\Framework Programming\Admin LTE\CI4\app\Controllers\Parkir.php(13): App\Models\ParkirModel->getData()
#8 D:\Semester 3\Framework Programming\Admin LTE\CI4\system\CodeIgniter.php(934): App\Controllers\Parkir->index()
#9 D:\Semester 3\Framework Programming\Admin LTE\CI4\system\CodeIgniter.php(499): CodeIgniter\CodeIgniter->runController(Object(App\Controllers\Parkir))
#10 D:\Semester 3\Framework Programming\Admin LTE\CI4\system\CodeIgniter.php(368): CodeIgniter\CodeIgniter->handleRequest(NULL, Object(Config\Cache), false)
#11 D:\Semester 3\Framework Programming\Admin LTE\CI4\public\index.php(67): CodeIgniter\CodeIgniter->run()
#12 D:\Semester 3\Framework Programming\Admin LTE\CI4\system\Commands\Server\rewrite.php(47): require_once('D:\\Semester 3\\F...')
#13 {main}

Next CodeIgniter\Database\Exceptions\DatabaseException: No connection could be made because the target machine actively refused it in D:\Semester 3\Framework Programming\Admin LTE\CI4\system\Database\MySQLi\Connection.php:218
Stack trace:
#0 D:\Semester 3\Framework Programming\Admin LTE\CI4\system\Database\BaseConnection.php(391): CodeIgniter\Database\MySQLi\Connection->connect(false)
#1 D:\Semester 3\Framework Programming\Admin LTE\CI4\system\Database\BaseConnection.php(573): CodeIgniter\Database\BaseConnection->initialize()
#2 D:\Semester 3\Framework Programming\Admin LTE\CI4\system\Database\BaseBuilder.php(1602): CodeIgniter\Database\BaseConnection->query('SELECT *\nFROM `...', Array, false)
#3 D:\Semester 3\Framework Programming\Admin LTE\CI4\system\Model.php(240): CodeIgniter\Database\BaseBuilder->get()
#4 D:\Semester 3\Framework Programming\Admin LTE\CI4\system\BaseModel.php(618): CodeIgniter\Model->doFindAll(0, 0)
#5 D:\Semester 3\Framework Programming\Admin LTE\CI4\app\Models\ParkirModel.php(12): CodeIgniter\BaseModel->findAll()
#6 D:\Semester 3\Framework Programming\Admin LTE\CI4\app\Controllers\Parkir.php(13): App\Models\ParkirModel->getData()
#7 D:\Semester 3\Framework Programming\Admin LTE\CI4\system\CodeIgniter.php(934): App\Controllers\Parkir->index()
#8 D:\Semester 3\Framework Programming\Admin LTE\CI4\system\CodeIgniter.php(499): CodeIgniter\CodeIgniter->runController(Object(App\Controllers\Parkir))
#9 D:\Semester 3\Framework Programming\Admin LTE\CI4\system\CodeIgniter.php(368): CodeIgniter\CodeIgniter->handleRequest(NULL, Object(Config\Cache), false)
#10 D:\Semester 3\Framework Programming\Admin LTE\CI4\public\index.php(67): CodeIgniter\CodeIgniter->run()
#11 D:\Semester 3\Framework Programming\Admin LTE\CI4\system\Commands\Server\rewrite.php(47): require_once('D:\\Semester 3\\F...')
#12 {main}
CRITICAL - 2023-11-01 13:32:59 --> Unable to connect to the database.
Main connection [MySQLi]: No connection could be made because the target machine actively refused it
in SYSTEMPATH\Database\BaseConnection.php on line 427.
 1 SYSTEMPATH\Database\BaseConnection.php(573): CodeIgniter\Database\BaseConnection->initialize()
 2 SYSTEMPATH\Database\BaseBuilder.php(1602): CodeIgniter\Database\BaseConnection->query('SELECT *
FROM `parkir`', [], false)
 3 SYSTEMPATH\Model.php(240): CodeIgniter\Database\BaseBuilder->get()
 4 SYSTEMPATH\BaseModel.php(618): CodeIgniter\Model->doFindAll(0, 0)
 5 APPPATH\Models\ParkirModel.php(12): CodeIgniter\BaseModel->findAll()
 6 APPPATH\Controllers\Parkir.php(13): App\Models\ParkirModel->getData()
 7 SYSTEMPATH\CodeIgniter.php(934): App\Controllers\Parkir->index()
 8 SYSTEMPATH\CodeIgniter.php(499): CodeIgniter\CodeIgniter->runController(Object(App\Controllers\Parkir))
 9 SYSTEMPATH\CodeIgniter.php(368): CodeIgniter\CodeIgniter->handleRequest(null, Object(Config\Cache), false)
10 FCPATH\index.php(67): CodeIgniter\CodeIgniter->run()
11 SYSTEMPATH\Commands\Server\rewrite.php(47): require_once('FCPATH\\index.php')
ERROR - 2023-11-01 13:33:22 --> Error connecting to the database: mysqli_sql_exception: No connection could be made because the target machine actively refused it in D:\Semester 3\Framework Programming\Admin LTE\CI4\system\Database\MySQLi\Connection.php:174
Stack trace:
#0 D:\Semester 3\Framework Programming\Admin LTE\CI4\system\Database\MySQLi\Connection.php(174): mysqli->real_connect('localhost', 'root', '', 'ase56', 3306, '', 0)
#1 D:\Semester 3\Framework Programming\Admin LTE\CI4\system\Database\BaseConnection.php(391): CodeIgniter\Database\MySQLi\Connection->connect(false)
#2 D:\Semester 3\Framework Programming\Admin LTE\CI4\system\Database\BaseConnection.php(573): CodeIgniter\Database\BaseConnection->initialize()
#3 D:\Semester 3\Framework Programming\Admin LTE\CI4\system\Database\BaseBuilder.php(1602): CodeIgniter\Database\BaseConnection->query('SELECT *\nFROM `...', Array, false)
#4 D:\Semester 3\Framework Programming\Admin LTE\CI4\system\Model.php(240): CodeIgniter\Database\BaseBuilder->get()
#5 D:\Semester 3\Framework Programming\Admin LTE\CI4\system\BaseModel.php(618): CodeIgniter\Model->doFindAll(0, 0)
#6 D:\Semester 3\Framework Programming\Admin LTE\CI4\app\Models\ParkirModel.php(12): CodeIgniter\BaseModel->findAll()
#7 D:\Semester 3\Framework Programming\Admin LTE\CI4\app\Controllers\Parkir.php(13): App\Models\ParkirModel->getData()
#8 D:\Semester 3\Framework Programming\Admin LTE\CI4\system\CodeIgniter.php(934): App\Controllers\Parkir->index()
#9 D:\Semester 3\Framework Programming\Admin LTE\CI4\system\CodeIgniter.php(499): CodeIgniter\CodeIgniter->runController(Object(App\Controllers\Parkir))
#10 D:\Semester 3\Framework Programming\Admin LTE\CI4\system\CodeIgniter.php(368): CodeIgniter\CodeIgniter->handleRequest(NULL, Object(Config\Cache), false)
#11 D:\Semester 3\Framework Programming\Admin LTE\CI4\public\index.php(67): CodeIgniter\CodeIgniter->run()
#12 D:\Semester 3\Framework Programming\Admin LTE\CI4\system\Commands\Server\rewrite.php(47): require_once('D:\\Semester 3\\F...')
#13 {main}

Next CodeIgniter\Database\Exceptions\DatabaseException: No connection could be made because the target machine actively refused it in D:\Semester 3\Framework Programming\Admin LTE\CI4\system\Database\MySQLi\Connection.php:218
Stack trace:
#0 D:\Semester 3\Framework Programming\Admin LTE\CI4\system\Database\BaseConnection.php(391): CodeIgniter\Database\MySQLi\Connection->connect(false)
#1 D:\Semester 3\Framework Programming\Admin LTE\CI4\system\Database\BaseConnection.php(573): CodeIgniter\Database\BaseConnection->initialize()
#2 D:\Semester 3\Framework Programming\Admin LTE\CI4\system\Database\BaseBuilder.php(1602): CodeIgniter\Database\BaseConnection->query('SELECT *\nFROM `...', Array, false)
#3 D:\Semester 3\Framework Programming\Admin LTE\CI4\system\Model.php(240): CodeIgniter\Database\BaseBuilder->get()
#4 D:\Semester 3\Framework Programming\Admin LTE\CI4\system\BaseModel.php(618): CodeIgniter\Model->doFindAll(0, 0)
#5 D:\Semester 3\Framework Programming\Admin LTE\CI4\app\Models\ParkirModel.php(12): CodeIgniter\BaseModel->findAll()
#6 D:\Semester 3\Framework Programming\Admin LTE\CI4\app\Controllers\Parkir.php(13): App\Models\ParkirModel->getData()
#7 D:\Semester 3\Framework Programming\Admin LTE\CI4\system\CodeIgniter.php(934): App\Controllers\Parkir->index()
#8 D:\Semester 3\Framework Programming\Admin LTE\CI4\system\CodeIgniter.php(499): CodeIgniter\CodeIgniter->runController(Object(App\Controllers\Parkir))
#9 D:\Semester 3\Framework Programming\Admin LTE\CI4\system\CodeIgniter.php(368): CodeIgniter\CodeIgniter->handleRequest(NULL, Object(Config\Cache), false)
#10 D:\Semester 3\Framework Programming\Admin LTE\CI4\public\index.php(67): CodeIgniter\CodeIgniter->run()
#11 D:\Semester 3\Framework Programming\Admin LTE\CI4\system\Commands\Server\rewrite.php(47): require_once('D:\\Semester 3\\F...')
#12 {main}
CRITICAL - 2023-11-01 13:33:22 --> Unable to connect to the database.
Main connection [MySQLi]: No connection could be made because the target machine actively refused it
in SYSTEMPATH\Database\BaseConnection.php on line 427.
 1 SYSTEMPATH\Database\BaseConnection.php(573): CodeIgniter\Database\BaseConnection->initialize()
 2 SYSTEMPATH\Database\BaseBuilder.php(1602): CodeIgniter\Database\BaseConnection->query('SELECT *
FROM `parkir`', [], false)
 3 SYSTEMPATH\Model.php(240): CodeIgniter\Database\BaseBuilder->get()
 4 SYSTEMPATH\BaseModel.php(618): CodeIgniter\Model->doFindAll(0, 0)
 5 APPPATH\Models\ParkirModel.php(12): CodeIgniter\BaseModel->findAll()
 6 APPPATH\Controllers\Parkir.php(13): App\Models\ParkirModel->getData()
 7 SYSTEMPATH\CodeIgniter.php(934): App\Controllers\Parkir->index()
 8 SYSTEMPATH\CodeIgniter.php(499): CodeIgniter\CodeIgniter->runController(Object(App\Controllers\Parkir))
 9 SYSTEMPATH\CodeIgniter.php(368): CodeIgniter\CodeIgniter->handleRequest(null, Object(Config\Cache), false)
10 FCPATH\index.php(67): CodeIgniter\CodeIgniter->run()
11 SYSTEMPATH\Commands\Server\rewrite.php(47): require_once('FCPATH\\index.php')
